<?xml version="1.0" ?>
<coverage version="7.13.2" timestamp="1770013349348" lines-valid="16229" lines-covered="11573" line-rate="0.7131" branches-valid="5224" branches-covered="3021" branch-rate="0.5783" complexity="0">
	<!-- Generated by coverage.py: https://coverage.readthedocs.io/en/7.13.2 -->
	<!-- Based on https://raw.githubusercontent.com/cobertura/web/master/htdocs/xml/coverage-04.dtd -->
	<sources>
		<source>/Users/a4399/Documents/ai/onlyfeng/cursorx</source>
		<source>/Users/a4399/Documents/ai/onlyfeng/cursorx/agents</source>
		<source>/Users/a4399/Documents/ai/onlyfeng/cursorx/coordinator</source>
		<source>/Users/a4399/Documents/ai/onlyfeng/cursorx/core</source>
		<source>/Users/a4399/Documents/ai/onlyfeng/cursorx/cursor</source>
		<source>/Users/a4399/Documents/ai/onlyfeng/cursorx/indexing</source>
		<source>/Users/a4399/Documents/ai/onlyfeng/cursorx/knowledge</source>
		<source>/Users/a4399/Documents/ai/onlyfeng/cursorx/process</source>
		<source>/Users/a4399/Documents/ai/onlyfeng/cursorx/tasks</source>
	</sources>
	<packages>
		<package name="." line-rate="0.7315" branch-rate="0.5996" complexity="0">
			<classes>
				<class name="__init__.py" filename="__init__.py" complexity="0" line-rate="1" branch-rate="1">
					<methods/>
					<lines>
						<line number="3" hits="1"/>
						<line number="4" hits="1"/>
						<line number="5" hits="1"/>
						<line number="7" hits="1"/>
					</lines>
				</class>
				<class name="base.py" filename="base.py" complexity="0" line-rate="0.7087" branch-rate="0">
					<methods/>
					<lines>
						<line number="3" hits="1"/>
						<line number="4" hits="1"/>
						<line number="5" hits="1"/>
						<line number="6" hits="1"/>
						<line number="8" hits="1"/>
						<line number="11" hits="1"/>
						<line number="14" hits="1"/>
						<line number="15" hits="1"/>
						<line number="16" hits="1"/>
						<line number="17" hits="1"/>
						<line number="18" hits="1"/>
						<line number="19" hits="1"/>
						<line number="20" hits="1"/>
						<line number="23" hits="1"/>
						<line number="29" hits="1"/>
						<line number="30" hits="1"/>
						<line number="33" hits="1"/>
						<line number="34" hits="1"/>
						<line number="35" hits="1"/>
						<line number="38" hits="1"/>
						<line number="39" hits="1"/>
						<line number="42" hits="1"/>
						<line number="43" hits="1"/>
						<line number="44" hits="1"/>
						<line number="45" hits="1"/>
						<line number="48" hits="1"/>
						<line number="51" hits="1"/>
						<line number="53" hits="1"/>
						<line number="55" hits="1"/>
						<line number="57" hits="1"/>
						<line number="59" hits="0" branch="true" condition-coverage="0% (0/2)" missing-branches="60,63"/>
						<line number="60" hits="0" branch="true" condition-coverage="0% (0/2)" missing-branches="61,62"/>
						<line number="61" hits="0"/>
						<line number="62" hits="0"/>
						<line number="63" hits="0"/>
						<line number="66" hits="1"/>
						<line number="69" hits="1"/>
						<line number="70" hits="1"/>
						<line number="71" hits="1"/>
						<line number="72" hits="1"/>
						<line number="75" hits="1"/>
						<line number="81" hits="1"/>
						<line number="82" hits="1"/>
						<line number="83" hits="1"/>
						<line number="89" hits="0"/>
						<line number="91" hits="1"/>
						<line number="92" hits="1"/>
						<line number="93" hits="1"/>
						<line number="99" hits="0"/>
						<line number="101" hits="1"/>
						<line number="102" hits="1"/>
						<line number="111" hits="0"/>
						<line number="113" hits="1"/>
						<line number="114" hits="1"/>
						<line number="123" hits="0"/>
						<line number="125" hits="1"/>
						<line number="134" hits="0"/>
						<line number="135" hits="0"/>
						<line number="136" hits="0"/>
						<line number="138" hits="1"/>
						<line number="147" hits="0"/>
						<line number="148" hits="0"/>
						<line number="149" hits="0" branch="true" condition-coverage="0% (0/2)" missing-branches="150,151"/>
						<line number="150" hits="0"/>
						<line number="151" hits="0"/>
						<line number="154" hits="1"/>
						<line number="160" hits="1"/>
						<line number="161" hits="1"/>
						<line number="170" hits="0"/>
						<line number="172" hits="1"/>
						<line number="173" hits="1"/>
						<line number="190" hits="0"/>
						<line number="192" hits="1"/>
						<line number="193" hits="1"/>
						<line number="202" hits="0"/>
						<line number="204" hits="1"/>
						<line number="205" hits="1"/>
						<line number="210" hits="0"/>
						<line number="212" hits="1"/>
						<line number="213" hits="1"/>
						<line number="218" hits="0"/>
						<line number="220" hits="1"/>
						<line number="221" hits="1"/>
						<line number="223" hits="0"/>
						<line number="225" hits="1"/>
						<line number="226" hits="1"/>
						<line number="232" hits="0"/>
						<line number="234" hits="1"/>
						<line number="252" hits="0"/>
						<line number="253" hits="0"/>
						<line number="256" hits="1"/>
						<line number="262" hits="1"/>
						<line number="263" hits="1"/>
						<line number="272" hits="0"/>
						<line number="274" hits="1"/>
						<line number="275" hits="1"/>
						<line number="288" hits="0"/>
						<line number="290" hits="1"/>
						<line number="291" hits="1"/>
						<line number="300" hits="0"/>
						<line number="302" hits="1"/>
						<line number="303" hits="1"/>
						<line number="309" hits="0"/>
					</lines>
				</class>
				<class name="check_all_contract.py" filename="check_all_contract.py" complexity="0" line-rate="0.85" branch-rate="0.82">
					<methods/>
					<lines>
						<line number="12" hits="1"/>
						<line number="14" hits="1"/>
						<line number="19" hits="1"/>
						<line number="22" hits="1"/>
						<line number="31" hits="1"/>
						<line number="37" hits="1"/>
						<line number="45" hits="1"/>
						<line number="58" hits="1"/>
						<line number="67" hits="1"/>
						<line number="74" hits="1"/>
						<line number="83" hits="1"/>
						<line number="92" hits="1"/>
						<line number="101" hits="1"/>
						<line number="104" hits="1"/>
						<line number="112" hits="1"/>
						<line number="123" hits="1"/>
						<line number="133" hits="1" branch="true" condition-coverage="50% (1/2)" missing-branches="134"/>
						<line number="134" hits="0"/>
						<line number="136" hits="1"/>
						<line number="139" hits="1" branch="true" condition-coverage="100% (2/2)"/>
						<line number="140" hits="1" branch="true" condition-coverage="100% (2/2)"/>
						<line number="141" hits="1"/>
						<line number="142" hits="1" branch="true" condition-coverage="100% (2/2)"/>
						<line number="143" hits="1"/>
						<line number="146" hits="1" branch="true" condition-coverage="100% (2/2)"/>
						<line number="147" hits="1" branch="true" condition-coverage="50% (1/2)" missing-branches="148"/>
						<line number="148" hits="0"/>
						<line number="153" hits="1" branch="true" condition-coverage="50% (1/2)" missing-branches="164"/>
						<line number="154" hits="1"/>
						<line number="155" hits="1" branch="true" condition-coverage="100% (2/2)"/>
						<line number="156" hits="1" branch="true" condition-coverage="100% (2/2)"/>
						<line number="157" hits="1"/>
						<line number="158" hits="1" branch="true" condition-coverage="50% (1/2)" missing-branches="159"/>
						<line number="159" hits="0"/>
						<line number="164" hits="1" branch="true" condition-coverage="50% (1/2)" missing-branches="193"/>
						<line number="165" hits="1" branch="true" condition-coverage="100% (2/2)"/>
						<line number="166" hits="1" branch="true" condition-coverage="50% (1/2)" missing-branches="167"/>
						<line number="167" hits="0"/>
						<line number="168" hits="0"/>
						<line number="171" hits="1" branch="true" condition-coverage="100% (2/2)"/>
						<line number="172" hits="1" branch="true" condition-coverage="100% (2/2)"/>
						<line number="173" hits="1"/>
						<line number="174" hits="1" branch="true" condition-coverage="50% (1/2)" missing-branches="175"/>
						<line number="175" hits="0"/>
						<line number="181" hits="1" branch="true" condition-coverage="100% (2/2)"/>
						<line number="182" hits="1"/>
						<line number="185" hits="1" branch="true" condition-coverage="100% (2/2)"/>
						<line number="186" hits="1" branch="true" condition-coverage="100% (2/2)"/>
						<line number="187" hits="1"/>
						<line number="193" hits="1" branch="true" condition-coverage="100% (2/2)"/>
						<line number="194" hits="1" branch="true" condition-coverage="100% (2/2)"/>
						<line number="195" hits="1" branch="true" condition-coverage="50% (1/2)" missing-branches="196"/>
						<line number="196" hits="0"/>
						<line number="197" hits="0"/>
						<line number="199" hits="1" branch="true" condition-coverage="100% (2/2)"/>
						<line number="200" hits="1" branch="true" condition-coverage="100% (2/2)"/>
						<line number="201" hits="1"/>
						<line number="202" hits="1" branch="true" condition-coverage="50% (1/2)" missing-branches="203"/>
						<line number="203" hits="0"/>
						<line number="208" hits="1"/>
					</lines>
				</class>
				<class name="chunker.py" filename="chunker.py" complexity="0" line-rate="0.8949" branch-rate="0.7847">
					<methods/>
					<lines>
						<line number="6" hits="1"/>
						<line number="8" hits="1"/>
						<line number="9" hits="1"/>
						<line number="10" hits="1"/>
						<line number="11" hits="1"/>
						<line number="13" hits="1"/>
						<line number="14" hits="1"/>
						<line number="16" hits="1"/>
						<line number="17" hits="1"/>
						<line number="20" hits="1"/>
						<line number="65" hits="1"/>
						<line number="66" hits="1"/>
						<line number="72" hits="1"/>
						<line number="73" hits="1"/>
						<line number="74" hits="1"/>
						<line number="77" hits="1"/>
						<line number="86" hits="1"/>
						<line number="92" hits="1"/>
						<line number="95" hits="1"/>
						<line number="96" hits="1"/>
						<line number="97" hits="1"/>
						<line number="98" hits="0"/>
						<line number="100" hits="0"/>
						<line number="102" hits="1"/>
						<line number="111" hits="1" branch="true" condition-coverage="50% (1/2)" missing-branches="114"/>
						<line number="112" hits="1"/>
						<line number="114" hits="0"/>
						<line number="116" hits="1"/>
						<line number="125" hits="1"/>
						<line number="126" hits="1"/>
						<line number="127" hits="1"/>
						<line number="129" hits="1"/>
						<line number="135" hits="1"/>
						<line number="137" hits="1"/>
						<line number="146" hits="0"/>
						<line number="147" hits="0"/>
						<line number="149" hits="0"/>
						<line number="150" hits="0"/>
						<line number="152" hits="1"/>
						<line number="163" hits="1" branch="true" condition-coverage="50% (1/2)" missing-branches="164"/>
						<line number="164" hits="0"/>
						<line number="167" hits="1" branch="true" condition-coverage="100% (2/2)"/>
						<line number="168" hits="1"/>
						<line number="171" hits="1" branch="true" condition-coverage="100% (2/2)"/>
						<line number="172" hits="1"/>
						<line number="173" hits="1" branch="true" condition-coverage="100% (2/2)"/>
						<line number="174" hits="1"/>
						<line number="175" hits="1" branch="true" condition-coverage="50% (1/2)" missing-branches="180"/>
						<line number="177" hits="1"/>
						<line number="178" hits="1"/>
						<line number="180" hits="0"/>
						<line number="182" hits="1"/>
						<line number="184" hits="1"/>
						<line number="197" hits="1" branch="true" condition-coverage="100% (2/2)"/>
						<line number="198" hits="1"/>
						<line number="199" hits="1" branch="true" condition-coverage="100% (2/2)"/>
						<line number="200" hits="1"/>
						<line number="203" hits="1"/>
						<line number="205" hits="1"/>
						<line number="217" hits="1"/>
						<line number="218" hits="1"/>
						<line number="220" hits="1"/>
						<line number="221" hits="1"/>
						<line number="222" hits="1"/>
						<line number="224" hits="1"/>
						<line number="227" hits="1"/>
						<line number="228" hits="1"/>
						<line number="230" hits="1" branch="true" condition-coverage="100% (2/2)"/>
						<line number="231" hits="1" branch="true" condition-coverage="100% (2/2)"/>
						<line number="232" hits="1"/>
						<line number="233" hits="1"/>
						<line number="234" hits="1"/>
						<line number="235" hits="1"/>
						<line number="236" hits="1"/>
						<line number="238" hits="1"/>
						<line number="241" hits="1" branch="true" condition-coverage="100% (2/2)"/>
						<line number="242" hits="1" branch="true" condition-coverage="100% (2/2)"/>
						<line number="244" hits="1"/>
						<line number="245" hits="1" branch="true" condition-coverage="50% (1/2)" missing-branches="241"/>
						<line number="246" hits="1"/>
						<line number="249" hits="1" branch="true" condition-coverage="50% (1/2)" missing-branches="241"/>
						<line number="250" hits="1"/>
						<line number="251" hits="1"/>
						<line number="253" hits="1" branch="true" condition-coverage="100% (2/2)"/>
						<line number="255" hits="1"/>
						<line number="256" hits="1" branch="true" condition-coverage="50% (1/2)" missing-branches="241"/>
						<line number="257" hits="1"/>
						<line number="260" hits="1" branch="true" condition-coverage="100% (2/2)"/>
						<line number="261" hits="1"/>
						<line number="272" hits="1"/>
						<line number="274" hits="1"/>
						<line number="294" hits="1"/>
						<line number="295" hits="1"/>
						<line number="297" hits="1"/>
						<line number="298" hits="1"/>
						<line number="299" hits="1" branch="true" condition-coverage="50% (1/2)" missing-branches="300"/>
						<line number="300" hits="0"/>
						<line number="303" hits="1" branch="true" condition-coverage="100% (2/2)"/>
						<line number="304" hits="1"/>
						<line number="306" hits="1"/>
						<line number="309" hits="1"/>
						<line number="312" hits="1"/>
						<line number="315" hits="1"/>
						<line number="317" hits="1"/>
						<line number="330" hits="1"/>
						<line number="344" hits="1"/>
						<line number="345" hits="1"/>
						<line number="347" hits="1"/>
						<line number="348" hits="1"/>
						<line number="351" hits="1" branch="true" condition-coverage="50% (1/2)" missing-branches="352"/>
						<line number="352" hits="0"/>
						<line number="354" hits="1"/>
						<line number="357" hits="1"/>
						<line number="360" hits="1"/>
						<line number="362" hits="1"/>
						<line number="374" hits="1"/>
						<line number="389" hits="1"/>
						<line number="392" hits="1"/>
						<line number="393" hits="1"/>
						<line number="395" hits="1" branch="true" condition-coverage="50% (1/2)" missing-branches="400"/>
						<line number="396" hits="1" branch="true" condition-coverage="100% (2/2)"/>
						<line number="397" hits="1"/>
						<line number="398" hits="1"/>
						<line number="400" hits="1"/>
						<line number="403" hits="1" branch="true" condition-coverage="100% (2/2)"/>
						<line number="404" hits="1" branch="true" condition-coverage="100% (2/2)"/>
						<line number="405" hits="1"/>
						<line number="406" hits="1" branch="true" condition-coverage="50% (1/2)" missing-branches="403"/>
						<line number="408" hits="1" branch="true" condition-coverage="50% (1/2)" missing-branches="419"/>
						<line number="409" hits="1"/>
						<line number="410" hits="1" branch="true" condition-coverage="50% (1/2)" missing-branches="411"/>
						<line number="411" hits="0"/>
						<line number="412" hits="1" branch="true" condition-coverage="50% (1/2)" missing-branches="414"/>
						<line number="413" hits="1"/>
						<line number="414" hits="1"/>
						<line number="415" hits="1" branch="true" condition-coverage="50% (1/2)" missing-branches="418"/>
						<line number="416" hits="1"/>
						<line number="418" hits="0"/>
						<line number="419" hits="1"/>
						<line number="421" hits="1"/>
						<line number="423" hits="1"/>
						<line number="433" hits="1"/>
						<line number="436" hits="1" branch="true" condition-coverage="100% (2/2)"/>
						<line number="437" hits="1"/>
						<line number="438" hits="1" branch="true" condition-coverage="100% (2/2)"/>
						<line number="439" hits="1"/>
						<line number="440" hits="1"/>
						<line number="443" hits="1" branch="true" condition-coverage="50% (1/2)" missing-branches="444"/>
						<line number="444" hits="0"/>
						<line number="447" hits="1" branch="true" condition-coverage="50% (1/2)" missing-branches="448"/>
						<line number="448" hits="0"/>
						<line number="451" hits="1"/>
						<line number="452" hits="1" branch="true" condition-coverage="100% (2/2)"/>
						<line number="453" hits="1"/>
						<line number="456" hits="1"/>
						<line number="458" hits="1"/>
						<line number="460" hits="1"/>
						<line number="473" hits="1"/>
						<line number="474" hits="1"/>
						<line number="477" hits="1"/>
						<line number="478" hits="1"/>
						<line number="480" hits="1" branch="true" condition-coverage="100% (2/2)"/>
						<line number="481" hits="1" branch="true" condition-coverage="50% (1/2)" missing-branches="482"/>
						<line number="482" hits="0"/>
						<line number="484" hits="1"/>
						<line number="487" hits="1"/>
						<line number="508" hits="1"/>
						<line number="510" hits="1" branch="true" condition-coverage="100% (2/2)"/>
						<line number="511" hits="1" branch="true" condition-coverage="100% (2/2)"/>
						<line number="512" hits="1"/>
						<line number="513" hits="1" branch="true" condition-coverage="100% (2/2)"/>
						<line number="514" hits="1"/>
						<line number="515" hits="1"/>
						<line number="516" hits="1"/>
						<line number="517" hits="1"/>
						<line number="518" hits="1"/>
						<line number="521" hits="1" branch="true" condition-coverage="100% (2/2)"/>
						<line number="523" hits="1"/>
						<line number="525" hits="1"/>
						<line number="526" hits="1"/>
						<line number="527" hits="1" branch="true" condition-coverage="50% (1/2)" missing-branches="528"/>
						<line number="528" hits="0"/>
						<line number="531" hits="1" branch="true" condition-coverage="50% (1/2)" missing-branches="532"/>
						<line number="532" hits="0"/>
						<line number="534" hits="1"/>
						<line number="536" hits="1"/>
						<line number="550" hits="1" branch="true" condition-coverage="50% (1/2)" missing-branches="551"/>
						<line number="551" hits="0"/>
						<line number="553" hits="1"/>
						<line number="555" hits="1"/>
						<line number="567" hits="1"/>
						<line number="568" hits="1"/>
						<line number="569" hits="1"/>
						<line number="571" hits="1" branch="true" condition-coverage="50% (1/2)" missing-branches="598"/>
						<line number="572" hits="1"/>
						<line number="573" hits="1"/>
						<line number="574" hits="1" branch="true" condition-coverage="100% (2/2)"/>
						<line number="575" hits="1"/>
						<line number="578" hits="1" branch="true" condition-coverage="100% (2/2)"/>
						<line number="579" hits="1" branch="true" condition-coverage="100% (2/2)"/>
						<line number="580" hits="1"/>
						<line number="581" hits="1"/>
						<line number="582" hits="1" branch="true" condition-coverage="50% (1/2)" missing-branches="587"/>
						<line number="583" hits="1"/>
						<line number="584" hits="1"/>
						<line number="587" hits="1" branch="true" condition-coverage="100% (2/2)"/>
						<line number="588" hits="1" branch="true" condition-coverage="100% (2/2)"/>
						<line number="589" hits="1"/>
						<line number="590" hits="1" branch="true" condition-coverage="100% (2/2)"/>
						<line number="591" hits="1"/>
						<line number="592" hits="1" branch="true" condition-coverage="100% (2/2)"/>
						<line number="593" hits="1"/>
						<line number="595" hits="1"/>
						<line number="598" hits="0"/>
						<line number="600" hits="1"/>
						<line number="613" hits="1"/>
						<line number="614" hits="1"/>
						<line number="616" hits="1"/>
						<line number="617" hits="1"/>
						<line number="619" hits="1" branch="true" condition-coverage="100% (2/2)"/>
						<line number="620" hits="1"/>
						<line number="623" hits="1"/>
						<line number="626" hits="1" branch="true" condition-coverage="100% (2/2)"/>
						<line number="627" hits="1"/>
						<line number="628" hits="1" branch="true" condition-coverage="50% (1/2)" missing-branches="630"/>
						<line number="630" hits="0"/>
						<line number="631" hits="0" branch="true" condition-coverage="0% (0/2)" missing-branches="632,635"/>
						<line number="632" hits="0"/>
						<line number="635" hits="1" branch="true" condition-coverage="100% (2/2)"/>
						<line number="637" hits="1"/>
						<line number="660" hits="1" branch="true" condition-coverage="100% (2/2)"/>
						<line number="661" hits="1" branch="true" condition-coverage="100% (2/2)"/>
						<line number="662" hits="1"/>
						<line number="663" hits="1"/>
						<line number="665" hits="1" branch="true" condition-coverage="100% (2/2)"/>
						<line number="667" hits="1"/>
						<line number="668" hits="1" branch="true" condition-coverage="50% (1/2)" missing-branches="669"/>
						<line number="669" hits="0"/>
						<line number="679" hits="1"/>
						<line number="680" hits="1"/>
						<line number="682" hits="1"/>
						<line number="685" hits="1"/>
						<line number="686" hits="1" branch="true" condition-coverage="50% (1/2)" missing-branches="688"/>
						<line number="688" hits="0"/>
						<line number="698" hits="0"/>
						<line number="699" hits="0"/>
						<line number="702" hits="1" branch="true" condition-coverage="50% (1/2)" missing-branches="717"/>
						<line number="703" hits="1"/>
						<line number="704" hits="1" branch="true" condition-coverage="50% (1/2)" missing-branches="705"/>
						<line number="705" hits="0"/>
						<line number="717" hits="1" branch="true" condition-coverage="50% (1/2)" missing-branches="729"/>
						<line number="718" hits="1"/>
						<line number="729" hits="1"/>
						<line number="731" hits="1"/>
						<line number="744" hits="1"/>
						<line number="745" hits="1"/>
						<line number="748" hits="1"/>
						<line number="749" hits="1"/>
						<line number="750" hits="1"/>
						<line number="752" hits="1"/>
						<line number="753" hits="1"/>
						<line number="755" hits="1" branch="true" condition-coverage="100% (2/2)"/>
						<line number="756" hits="1"/>
						<line number="757" hits="1"/>
						<line number="758" hits="1"/>
						<line number="761" hits="1"/>
						<line number="762" hits="1" branch="true" condition-coverage="100% (2/2)"/>
						<line number="764" hits="1" branch="true" condition-coverage="100% (2/2)"/>
						<line number="765" hits="1"/>
						<line number="766" hits="1"/>
						<line number="767" hits="1"/>
						<line number="769" hits="1" branch="true" condition-coverage="100% (2/2)"/>
						<line number="770" hits="1"/>
						<line number="782" hits="1"/>
						<line number="784" hits="1"/>
						<line number="786" hits="1"/>
						<line number="799" hits="1"/>
						<line number="801" hits="1" branch="true" condition-coverage="100% (2/2)"/>
						<line number="802" hits="1" branch="true" condition-coverage="50% (1/2)" missing-branches="815"/>
						<line number="804" hits="1"/>
						<line number="806" hits="1" branch="true" condition-coverage="100% (2/2)"/>
						<line number="807" hits="1"/>
						<line number="808" hits="1"/>
						<line number="809" hits="1"/>
						<line number="811" hits="1"/>
						<line number="812" hits="1"/>
						<line number="813" hits="1"/>
						<line number="815" hits="0"/>
						<line number="817" hits="1"/>
						<line number="821" hits="1"/>
						<line number="831" hits="0"/>
						<line number="832" hits="0"/>
						<line number="835" hits="1"/>
						<line number="849" hits="1"/>
						<line number="850" hits="1"/>
					</lines>
				</class>
				<class name="cli.py" filename="cli.py" complexity="0" line-rate="0.2255" branch-rate="0.08511">
					<methods/>
					<lines>
						<line number="15" hits="1"/>
						<line number="16" hits="1"/>
						<line number="17" hits="1"/>
						<line number="18" hits="1"/>
						<line number="19" hits="1"/>
						<line number="20" hits="1"/>
						<line number="21" hits="1"/>
						<line number="24" hits="1"/>
						<line number="26" hits="1"/>
						<line number="28" hits="1"/>
						<line number="29" hits="1"/>
						<line number="30" hits="1"/>
						<line number="41" hits="1"/>
						<line number="46" hits="1"/>
						<line number="47" hits="1"/>
						<line number="48" hits="1"/>
						<line number="51" hits="1"/>
						<line number="52" hits="1"/>
						<line number="55" hits="1"/>
						<line number="58" hits="1"/>
						<line number="59" hits="0"/>
						<line number="60" hits="0"/>
						<line number="61" hits="0"/>
						<line number="62" hits="0"/>
						<line number="63" hits="0"/>
						<line number="65" hits="1"/>
						<line number="67" hits="0"/>
						<line number="68" hits="0"/>
						<line number="70" hits="1"/>
						<line number="72" hits="0"/>
						<line number="74" hits="0"/>
						<line number="75" hits="0"/>
						<line number="77" hits="0"/>
						<line number="78" hits="0" branch="true" condition-coverage="0% (0/2)" missing-branches="79,82"/>
						<line number="79" hits="0"/>
						<line number="80" hits="0"/>
						<line number="82" hits="0"/>
						<line number="85" hits="0" branch="true" condition-coverage="0% (0/2)" missing-branches="86,88"/>
						<line number="86" hits="0"/>
						<line number="88" hits="0"/>
						<line number="91" hits="0"/>
						<line number="93" hits="1"/>
						<line number="95" hits="0"/>
						<line number="96" hits="0"/>
						<line number="99" hits="1"/>
						<line number="126" hits="1"/>
						<line number="128" hits="1" branch="true" condition-coverage="100% (2/2)"/>
						<line number="130" hits="1"/>
						<line number="133" hits="1"/>
						<line number="135" hits="1"/>
						<line number="136" hits="1" branch="true" condition-coverage="100% (2/2)"/>
						<line number="137" hits="1"/>
						<line number="141" hits="1"/>
						<line number="143" hits="1"/>
						<line number="146" hits="1"/>
						<line number="147" hits="1"/>
						<line number="148" hits="1"/>
						<line number="149" hits="1"/>
						<line number="150" hits="1"/>
						<line number="151" hits="1"/>
						<line number="153" hits="1" branch="true" condition-coverage="100% (2/2)"/>
						<line number="154" hits="1"/>
						<line number="155" hits="1"/>
						<line number="157" hits="1"/>
						<line number="158" hits="1"/>
						<line number="161" hits="1"/>
						<line number="164" hits="1"/>
						<line number="168" hits="1"/>
						<line number="169" hits="1" branch="true" condition-coverage="100% (2/2)"/>
						<line number="170" hits="1"/>
						<line number="174" hits="1"/>
						<line number="180" hits="1"/>
						<line number="186" hits="1"/>
						<line number="192" hits="1"/>
						<line number="200" hits="1"/>
						<line number="201" hits="1"/>
						<line number="204" hits="1"/>
						<line number="223" hits="1"/>
						<line number="235" hits="0"/>
						<line number="236" hits="0"/>
						<line number="238" hits="0"/>
						<line number="246" hits="0"/>
						<line number="247" hits="0"/>
						<line number="254" hits="0"/>
						<line number="257" hits="0"/>
						<line number="258" hits="0"/>
						<line number="269" hits="0"/>
						<line number="272" hits="1"/>
						<line number="281" hits="0"/>
						<line number="282" hits="0" branch="true" condition-coverage="0% (0/2)" missing-branches="283,286"/>
						<line number="283" hits="0"/>
						<line number="284" hits="0"/>
						<line number="286" hits="0"/>
						<line number="287" hits="0"/>
						<line number="289" hits="0"/>
						<line number="290" hits="0"/>
						<line number="291" hits="0"/>
						<line number="292" hits="0"/>
						<line number="294" hits="0"/>
						<line number="295" hits="0"/>
						<line number="298" hits="0"/>
						<line number="299" hits="0" branch="true" condition-coverage="0% (0/2)" missing-branches="300,303"/>
						<line number="300" hits="0"/>
						<line number="301" hits="0"/>
						<line number="303" hits="0"/>
						<line number="306" hits="0"/>
						<line number="307" hits="0"/>
						<line number="310" hits="0"/>
						<line number="311" hits="0"/>
						<line number="314" hits="0"/>
						<line number="315" hits="0"/>
						<line number="316" hits="0"/>
						<line number="317" hits="0"/>
						<line number="318" hits="0"/>
						<line number="320" hits="0"/>
						<line number="322" hits="0"/>
						<line number="323" hits="0"/>
						<line number="324" hits="0"/>
						<line number="325" hits="0"/>
						<line number="328" hits="1"/>
						<line number="337" hits="0"/>
						<line number="338" hits="0" branch="true" condition-coverage="0% (0/2)" missing-branches="339,342"/>
						<line number="339" hits="0"/>
						<line number="340" hits="0"/>
						<line number="342" hits="0"/>
						<line number="344" hits="0"/>
						<line number="346" hits="0"/>
						<line number="347" hits="0"/>
						<line number="350" hits="0"/>
						<line number="351" hits="0"/>
						<line number="352" hits="0"/>
						<line number="355" hits="0"/>
						<line number="356" hits="0"/>
						<line number="357" hits="0"/>
						<line number="358" hits="0"/>
						<line number="359" hits="0"/>
						<line number="361" hits="0" branch="true" condition-coverage="0% (0/2)" missing-branches="362,364"/>
						<line number="362" hits="0"/>
						<line number="364" hits="0"/>
						<line number="366" hits="0"/>
						<line number="367" hits="0"/>
						<line number="368" hits="0"/>
						<line number="369" hits="0"/>
						<line number="372" hits="1"/>
						<line number="381" hits="0"/>
						<line number="382" hits="0"/>
						<line number="384" hits="0"/>
						<line number="386" hits="0"/>
						<line number="391" hits="0"/>
						<line number="392" hits="0" branch="true" condition-coverage="0% (0/2)" missing-branches="393,396"/>
						<line number="393" hits="0"/>
						<line number="394" hits="0"/>
						<line number="396" hits="0"/>
						<line number="402" hits="0"/>
						<line number="405" hits="0"/>
						<line number="406" hits="0"/>
						<line number="408" hits="0"/>
						<line number="409" hits="0"/>
						<line number="411" hits="0"/>
						<line number="414" hits="0" branch="true" condition-coverage="0% (0/2)" missing-branches="416,424"/>
						<line number="416" hits="0"/>
						<line number="421" hits="0"/>
						<line number="424" hits="0"/>
						<line number="426" hits="0"/>
						<line number="428" hits="0" branch="true" condition-coverage="0% (0/2)" missing-branches="429,433"/>
						<line number="429" hits="0"/>
						<line number="430" hits="0"/>
						<line number="433" hits="0"/>
						<line number="434" hits="0"/>
						<line number="436" hits="0" branch="true" condition-coverage="0% (0/2)" missing-branches="437,469"/>
						<line number="437" hits="0" branch="true" condition-coverage="0% (0/2)" missing-branches="439,454"/>
						<line number="439" hits="0"/>
						<line number="440" hits="0"/>
						<line number="441" hits="0" branch="true" condition-coverage="0% (0/2)" missing-branches="442,445"/>
						<line number="442" hits="0"/>
						<line number="445" hits="0"/>
						<line number="446" hits="0" branch="true" condition-coverage="0% (0/2)" missing-branches="447,449"/>
						<line number="447" hits="0"/>
						<line number="449" hits="0"/>
						<line number="450" hits="0" branch="true" condition-coverage="0% (0/2)" missing-branches="451,452"/>
						<line number="451" hits="0"/>
						<line number="452" hits="0" branch="true" condition-coverage="0% (0/2)" missing-branches="436,453"/>
						<line number="453" hits="0"/>
						<line number="454" hits="0" branch="true" condition-coverage="0% (0/2)" missing-branches="436,456"/>
						<line number="456" hits="0"/>
						<line number="457" hits="0"/>
						<line number="458" hits="0"/>
						<line number="459" hits="0" branch="true" condition-coverage="0% (0/2)" missing-branches="460,462"/>
						<line number="460" hits="0"/>
						<line number="462" hits="0"/>
						<line number="463" hits="0" branch="true" condition-coverage="0% (0/2)" missing-branches="464,465"/>
						<line number="464" hits="0"/>
						<line number="465" hits="0"/>
						<line number="466" hits="0" branch="true" condition-coverage="0% (0/2)" missing-branches="436,467"/>
						<line number="467" hits="0"/>
						<line number="469" hits="0"/>
						<line number="471" hits="0" branch="true" condition-coverage="0% (0/2)" missing-branches="473,500"/>
						<line number="473" hits="0"/>
						<line number="474" hits="0" branch="true" condition-coverage="0% (0/2)" missing-branches="475,497"/>
						<line number="475" hits="0" branch="true" condition-coverage="0% (0/2)" missing-branches="476,486"/>
						<line number="476" hits="0"/>
						<line number="486" hits="0" branch="true" condition-coverage="0% (0/2)" missing-branches="474,487"/>
						<line number="487" hits="0"/>
						<line number="497" hits="0"/>
						<line number="498" hits="0"/>
						<line number="500" hits="0"/>
						<line number="502" hits="0"/>
						<line number="503" hits="0"/>
						<line number="504" hits="0"/>
						<line number="505" hits="0"/>
						<line number="508" hits="1"/>
						<line number="517" hits="0"/>
						<line number="518" hits="0"/>
						<line number="520" hits="0"/>
						<line number="521" hits="0"/>
						<line number="523" hits="0"/>
						<line number="524" hits="0"/>
						<line number="527" hits="0" branch="true" condition-coverage="0% (0/2)" missing-branches="528,554"/>
						<line number="528" hits="0"/>
						<line number="529" hits="0"/>
						<line number="530" hits="0"/>
						<line number="532" hits="0"/>
						<line number="533" hits="0"/>
						<line number="535" hits="0"/>
						<line number="536" hits="0"/>
						<line number="537" hits="0"/>
						<line number="539" hits="0" branch="true" condition-coverage="0% (0/2)" missing-branches="541,556"/>
						<line number="541" hits="0"/>
						<line number="542" hits="0"/>
						<line number="543" hits="0" branch="true" condition-coverage="0% (0/2)" missing-branches="544,547"/>
						<line number="544" hits="0"/>
						<line number="545" hits="0"/>
						<line number="547" hits="0"/>
						<line number="548" hits="0"/>
						<line number="549" hits="0" branch="true" condition-coverage="0% (0/2)" missing-branches="550,556"/>
						<line number="550" hits="0"/>
						<line number="551" hits="0"/>
						<line number="552" hits="0"/>
						<line number="554" hits="0"/>
						<line number="556" hits="0"/>
						<line number="559" hits="0" branch="true" condition-coverage="0% (0/2)" missing-branches="560,575"/>
						<line number="560" hits="0"/>
						<line number="561" hits="0"/>
						<line number="566" hits="0"/>
						<line number="567" hits="0"/>
						<line number="568" hits="0"/>
						<line number="569" hits="0"/>
						<line number="570" hits="0"/>
						<line number="571" hits="0"/>
						<line number="572" hits="0"/>
						<line number="573" hits="0"/>
						<line number="575" hits="0"/>
						<line number="577" hits="0"/>
						<line number="580" hits="1"/>
						<line number="589" hits="0"/>
						<line number="590" hits="0"/>
						<line number="592" hits="0"/>
						<line number="593" hits="0"/>
						<line number="594" hits="0"/>
						<line number="596" hits="0" branch="true" condition-coverage="0% (0/2)" missing-branches="597,608"/>
						<line number="597" hits="0"/>
						<line number="598" hits="0"/>
						<line number="599" hits="0"/>
						<line number="600" hits="0"/>
						<line number="601" hits="0"/>
						<line number="603" hits="0"/>
						<line number="604" hits="0" branch="true" condition-coverage="0% (0/2)" missing-branches="605,608"/>
						<line number="605" hits="0"/>
						<line number="606" hits="0"/>
						<line number="608" hits="0"/>
						<line number="611" hits="0" branch="true" condition-coverage="0% (0/2)" missing-branches="612,616"/>
						<line number="612" hits="0"/>
						<line number="613" hits="0"/>
						<line number="616" hits="0" branch="true" condition-coverage="0% (0/2)" missing-branches="617,623"/>
						<line number="617" hits="0"/>
						<line number="619" hits="0"/>
						<line number="620" hits="0"/>
						<line number="623" hits="0" branch="true" condition-coverage="0% (0/2)" missing-branches="624,629"/>
						<line number="624" hits="0"/>
						<line number="626" hits="0"/>
						<line number="627" hits="0"/>
						<line number="629" hits="0" branch="true" condition-coverage="0% (0/2)" missing-branches="630,632"/>
						<line number="630" hits="0"/>
						<line number="632" hits="0"/>
						<line number="634" hits="0"/>
						<line number="637" hits="1"/>
						<line number="646" hits="0"/>
						<line number="647" hits="0"/>
						<line number="649" hits="0"/>
						<line number="650" hits="0"/>
						<line number="653" hits="0"/>
						<line number="654" hits="0"/>
						<line number="655" hits="0"/>
						<line number="658" hits="0"/>
						<line number="659" hits="0"/>
						<line number="660" hits="0"/>
						<line number="661" hits="0"/>
						<line number="664" hits="0"/>
						<line number="665" hits="0"/>
						<line number="666" hits="0" branch="true" condition-coverage="0% (0/2)" missing-branches="667,670"/>
						<line number="667" hits="0"/>
						<line number="670" hits="0"/>
						<line number="671" hits="0"/>
						<line number="672" hits="0"/>
						<line number="673" hits="0"/>
						<line number="674" hits="0"/>
						<line number="677" hits="0"/>
						<line number="678" hits="0"/>
						<line number="679" hits="0"/>
						<line number="680" hits="0"/>
						<line number="681" hits="0"/>
						<line number="684" hits="0"/>
						<line number="685" hits="0"/>
						<line number="686" hits="0"/>
						<line number="689" hits="0"/>
						<line number="690" hits="0" branch="true" condition-coverage="0% (0/2)" missing-branches="691,702"/>
						<line number="691" hits="0"/>
						<line number="692" hits="0"/>
						<line number="696" hits="0"/>
						<line number="697" hits="0"/>
						<line number="698" hits="0"/>
						<line number="699" hits="0"/>
						<line number="700" hits="0"/>
						<line number="702" hits="0"/>
						<line number="705" hits="1"/>
						<line number="711" hits="1"/>
						<line number="729" hits="1"/>
						<line number="735" hits="1"/>
						<line number="741" hits="1"/>
						<line number="749" hits="1"/>
						<line number="752" hits="1"/>
						<line number="753" hits="1"/>
						<line number="760" hits="1"/>
						<line number="763" hits="1"/>
						<line number="764" hits="1"/>
						<line number="768" hits="1"/>
						<line number="775" hits="1"/>
						<line number="780" hits="1"/>
						<line number="786" hits="1"/>
						<line number="793" hits="1"/>
						<line number="796" hits="1"/>
						<line number="797" hits="1"/>
						<line number="804" hits="1"/>
						<line number="806" hits="1"/>
						<line number="809" hits="1"/>
						<line number="811" hits="0"/>
						<line number="812" hits="0"/>
						<line number="815" hits="0" branch="true" condition-coverage="0% (0/2)" missing-branches="816,819"/>
						<line number="816" hits="0"/>
						<line number="817" hits="0"/>
						<line number="819" hits="0"/>
						<line number="820" hits="0"/>
						<line number="823" hits="0" branch="true" condition-coverage="0% (0/2)" missing-branches="824,825"/>
						<line number="824" hits="0"/>
						<line number="825" hits="0" branch="true" condition-coverage="0% (0/2)" missing-branches="826,827"/>
						<line number="826" hits="0"/>
						<line number="827" hits="0" branch="true" condition-coverage="0% (0/2)" missing-branches="828,829"/>
						<line number="828" hits="0"/>
						<line number="829" hits="0" branch="true" condition-coverage="0% (0/2)" missing-branches="830,831"/>
						<line number="830" hits="0"/>
						<line number="831" hits="0" branch="true" condition-coverage="0% (0/2)" missing-branches="832,833"/>
						<line number="832" hits="0"/>
						<line number="833" hits="0" branch="true" condition-coverage="0% (0/2)" missing-branches="834,836"/>
						<line number="834" hits="0"/>
						<line number="836" hits="0"/>
						<line number="837" hits="0"/>
						<line number="840" hits="1"/>
						<line number="842" hits="0"/>
						<line number="843" hits="0"/>
						<line number="844" hits="0"/>
						<line number="845" hits="0"/>
						<line number="846" hits="0"/>
						<line number="847" hits="0"/>
						<line number="848" hits="0"/>
						<line number="849" hits="0"/>
						<line number="850" hits="0"/>
						<line number="851" hits="0"/>
					</lines>
				</class>
				<class name="client.py" filename="client.py" complexity="0" line-rate="0.8003" branch-rate="0.6101">
					<methods/>
					<lines>
						<line number="16" hits="1"/>
						<line number="18" hits="1"/>
						<line number="19" hits="1"/>
						<line number="20" hits="1"/>
						<line number="21" hits="1"/>
						<line number="22" hits="1"/>
						<line number="23" hits="1"/>
						<line number="24" hits="1"/>
						<line number="25" hits="1"/>
						<line number="26" hits="1"/>
						<line number="28" hits="1"/>
						<line number="29" hits="1"/>
						<line number="31" hits="1"/>
						<line number="34" hits="1"/>
						<line number="37" hits="1"/>
						<line number="38" hits="1"/>
						<line number="49" hits="1"/>
						<line number="93" hits="1"/>
						<line number="96" hits="1"/>
						<line number="99" hits="1"/>
						<line number="102" hits="1"/>
						<line number="105" hits="1"/>
						<line number="106" hits="1"/>
						<line number="111" hits="1"/>
						<line number="119" hits="1"/>
						<line number="124" hits="1"/>
						<line number="132" hits="1"/>
						<line number="133" hits="1"/>
						<line number="134" hits="1"/>
						<line number="135" hits="1"/>
						<line number="136" hits="1"/>
						<line number="137" hits="1"/>
						<line number="138" hits="1"/>
						<line number="143" hits="1"/>
						<line number="148" hits="1"/>
						<line number="151" hits="1"/>
						<line number="157" hits="1"/>
						<line number="162" hits="1"/>
						<line number="165" hits="1"/>
						<line number="170" hits="1"/>
						<line number="175" hits="1"/>
						<line number="180" hits="1"/>
						<line number="183" hits="1"/>
						<line number="186" hits="1"/>
						<line number="190" hits="1"/>
						<line number="195" hits="1"/>
						<line number="198" hits="1"/>
						<line number="201" hits="1"/>
						<line number="204" hits="1"/>
						<line number="216" hits="1"/>
						<line number="223" hits="1"/>
						<line number="242" hits="1"/>
						<line number="245" hits="1"/>
						<line number="246" hits="1"/>
						<line number="249" hits="1"/>
						<line number="252" hits="1"/>
						<line number="255" hits="1"/>
						<line number="258" hits="1"/>
						<line number="264" hits="1"/>
						<line number="268" hits="1"/>
						<line number="272" hits="1"/>
						<line number="278" hits="1"/>
						<line number="284" hits="1"/>
						<line number="290" hits="1"/>
						<line number="293" hits="1"/>
						<line number="294" hits="1"/>
						<line number="295" hits="1"/>
						<line number="296" hits="1"/>
						<line number="297" hits="1"/>
						<line number="298" hits="1"/>
						<line number="299" hits="1"/>
						<line number="302" hits="1"/>
						<line number="303" hits="1"/>
						<line number="304" hits="1"/>
						<line number="305" hits="1"/>
						<line number="311" hits="1"/>
						<line number="312" hits="1"/>
						<line number="313" hits="1"/>
						<line number="316" hits="1"/>
						<line number="328" hits="1"/>
						<line number="330" hits="1"/>
						<line number="331" hits="1"/>
						<line number="332" hits="1"/>
						<line number="333" hits="1"/>
						<line number="335" hits="1"/>
						<line number="338" hits="1" branch="true" condition-coverage="50% (1/2)" missing-branches="339"/>
						<line number="339" hits="0"/>
						<line number="344" hits="1"/>
						<line number="345" hits="1" branch="true" condition-coverage="50% (1/2)" missing-branches="346"/>
						<line number="346" hits="0" branch="true" condition-coverage="0% (0/2)" missing-branches="347,349"/>
						<line number="347" hits="0"/>
						<line number="348" hits="0"/>
						<line number="349" hits="0"/>
						<line number="352" hits="1"/>
						<line number="363" hits="1" branch="true" condition-coverage="100% (2/2)"/>
						<line number="364" hits="1" branch="true" condition-coverage="100% (2/2)"/>
						<line number="365" hits="1"/>
						<line number="366" hits="1"/>
						<line number="369" hits="1"/>
						<line number="371" hits="1"/>
						<line number="396" hits="1"/>
						<line number="397" hits="1"/>
						<line number="400" hits="1"/>
						<line number="402" hits="1"/>
						<line number="405" hits="1" branch="true" condition-coverage="100% (2/2)"/>
						<line number="406" hits="1"/>
						<line number="415" hits="1"/>
						<line number="417" hits="1"/>
						<line number="424" hits="1"/>
						<line number="425" hits="1"/>
						<line number="427" hits="1"/>
						<line number="441" hits="1"/>
						<line number="442" hits="1"/>
						<line number="443" hits="1"/>
						<line number="450" hits="1"/>
						<line number="451" hits="1"/>
						<line number="452" hits="1"/>
						<line number="459" hits="1"/>
						<line number="480" hits="1" branch="true" condition-coverage="100% (2/2)"/>
						<line number="481" hits="1"/>
						<line number="484" hits="1" branch="true" condition-coverage="100% (2/2)"/>
						<line number="485" hits="1"/>
						<line number="488" hits="1" branch="true" condition-coverage="100% (2/2)"/>
						<line number="489" hits="1"/>
						<line number="493" hits="1"/>
						<line number="494" hits="1"/>
						<line number="496" hits="1"/>
						<line number="502" hits="1" branch="true" condition-coverage="100% (2/2)"/>
						<line number="505" hits="1" branch="true" condition-coverage="100% (2/2)"/>
						<line number="506" hits="1"/>
						<line number="507" hits="1"/>
						<line number="508" hits="1"/>
						<line number="510" hits="0"/>
						<line number="511" hits="0"/>
						<line number="512" hits="0"/>
						<line number="514" hits="1"/>
						<line number="516" hits="1"/>
						<line number="517" hits="1"/>
						<line number="535" hits="1"/>
						<line number="537" hits="1"/>
						<line number="538" hits="1"/>
						<line number="550" hits="1"/>
						<line number="552" hits="1"/>
						<line number="585" hits="1"/>
						<line number="589" hits="1"/>
						<line number="592" hits="1"/>
						<line number="595" hits="1"/>
						<line number="597" hits="1"/>
						<line number="598" hits="1"/>
						<line number="602" hits="1"/>
						<line number="612" hits="1"/>
						<line number="613" hits="1"/>
						<line number="615" hits="1"/>
						<line number="628" hits="1"/>
						<line number="629" hits="1"/>
						<line number="631" hits="1" branch="true" condition-coverage="50% (1/2)" missing-branches="656"/>
						<line number="633" hits="1"/>
						<line number="635" hits="1"/>
						<line number="646" hits="1"/>
						<line number="647" hits="1"/>
						<line number="648" hits="1"/>
						<line number="655" hits="1"/>
						<line number="656" hits="0"/>
						<line number="664" hits="1"/>
						<line number="665" hits="1"/>
						<line number="668" hits="1"/>
						<line number="670" hits="1" branch="true" condition-coverage="50% (1/2)" missing-branches="698"/>
						<line number="672" hits="1"/>
						<line number="675" hits="1"/>
						<line number="687" hits="1"/>
						<line number="688" hits="1"/>
						<line number="689" hits="1"/>
						<line number="696" hits="1"/>
						<line number="698" hits="0"/>
						<line number="705" hits="1"/>
						<line number="724" hits="1"/>
						<line number="726" hits="1"/>
						<line number="753" hits="1"/>
						<line number="755" hits="1"/>
						<line number="758" hits="1"/>
						<line number="761" hits="1"/>
						<line number="763" hits="1"/>
						<line number="764" hits="1"/>
						<line number="771" hits="1"/>
						<line number="772" hits="1"/>
						<line number="774" hits="1"/>
						<line number="788" hits="1"/>
						<line number="789" hits="1"/>
						<line number="790" hits="1"/>
						<line number="797" hits="0"/>
						<line number="798" hits="0"/>
						<line number="799" hits="0"/>
						<line number="806" hits="1"/>
						<line number="808" hits="1"/>
						<line number="810" hits="1" branch="true" condition-coverage="100% (2/2)"/>
						<line number="811" hits="1"/>
						<line number="812" hits="1" branch="true" condition-coverage="100% (2/2)"/>
						<line number="813" hits="1" branch="true" condition-coverage="100% (2/2)"/>
						<line number="814" hits="1"/>
						<line number="816" hits="1"/>
						<line number="818" hits="1"/>
						<line number="820" hits="1"/>
						<line number="838" hits="1"/>
						<line number="839" hits="1" branch="true" condition-coverage="100% (2/2)"/>
						<line number="840" hits="1"/>
						<line number="843" hits="1"/>
						<line number="844" hits="1"/>
						<line number="846" hits="1"/>
						<line number="872" hits="1"/>
						<line number="875" hits="1"/>
						<line number="876" hits="1" branch="true" condition-coverage="100% (2/2)"/>
						<line number="877" hits="1"/>
						<line number="880" hits="1" branch="true" condition-coverage="50% (1/2)" missing-branches="883"/>
						<line number="881" hits="1"/>
						<line number="883" hits="0"/>
						<line number="886" hits="1" branch="true" condition-coverage="50% (1/2)" missing-branches="894"/>
						<line number="887" hits="1"/>
						<line number="894" hits="1"/>
						<line number="895" hits="1" branch="true" condition-coverage="100% (2/2)"/>
						<line number="896" hits="1"/>
						<line number="897" hits="1" branch="true" condition-coverage="100% (2/2)"/>
						<line number="898" hits="1"/>
						<line number="899" hits="1" branch="true" condition-coverage="100% (2/2)"/>
						<line number="900" hits="1"/>
						<line number="906" hits="1" branch="true" condition-coverage="50% (1/2)" missing-branches="910"/>
						<line number="907" hits="1"/>
						<line number="910" hits="1" branch="true" condition-coverage="50% (1/2)" missing-branches="911"/>
						<line number="911" hits="0"/>
						<line number="914" hits="1" branch="true" condition-coverage="100% (2/2)"/>
						<line number="915" hits="1"/>
						<line number="917" hits="1"/>
						<line number="918" hits="1"/>
						<line number="921" hits="1"/>
						<line number="922" hits="1" branch="true" condition-coverage="100% (2/2)"/>
						<line number="923" hits="1"/>
						<line number="925" hits="1"/>
						<line number="935" hits="1" branch="true" condition-coverage="50% (1/2)" missing-branches="938"/>
						<line number="936" hits="1"/>
						<line number="937" hits="1"/>
						<line number="938" hits="1" branch="true" condition-coverage="50% (1/2)" missing-branches="942"/>
						<line number="939" hits="1"/>
						<line number="940" hits="1"/>
						<line number="942" hits="1" branch="true" condition-coverage="100% (2/2)"/>
						<line number="943" hits="1"/>
						<line number="945" hits="1"/>
						<line number="950" hits="1"/>
						<line number="951" hits="1"/>
						<line number="954" hits="1"/>
						<line number="955" hits="1" branch="true" condition-coverage="100% (2/2)"/>
						<line number="956" hits="1"/>
						<line number="957" hits="1" branch="true" condition-coverage="50% (1/2)" missing-branches="959"/>
						<line number="958" hits="1"/>
						<line number="959" hits="1" branch="true" condition-coverage="50% (1/2)" missing-branches="961"/>
						<line number="961" hits="0"/>
						<line number="962" hits="1" branch="true" condition-coverage="50% (1/2)" missing-branches="963"/>
						<line number="963" hits="0"/>
						<line number="964" hits="1"/>
						<line number="965" hits="1"/>
						<line number="968" hits="1"/>
						<line number="969" hits="1" branch="true" condition-coverage="100% (2/2)"/>
						<line number="970" hits="1"/>
						<line number="971" hits="1" branch="true" condition-coverage="100% (2/2)"/>
						<line number="972" hits="1"/>
						<line number="974" hits="1"/>
						<line number="982" hits="1"/>
						<line number="983" hits="1"/>
						<line number="985" hits="1"/>
						<line number="986" hits="1"/>
						<line number="987" hits="1"/>
						<line number="988" hits="1"/>
						<line number="989" hits="1"/>
						<line number="990" hits="1"/>
						<line number="991" hits="1"/>
						<line number="993" hits="1"/>
						<line number="1001" hits="1" branch="true" condition-coverage="50% (1/2)" missing-branches="1006"/>
						<line number="1002" hits="1"/>
						<line number="1006" hits="0"/>
						<line number="1007" hits="0" branch="true" condition-coverage="0% (0/2)" missing-branches="1009,1011"/>
						<line number="1009" hits="0"/>
						<line number="1011" hits="0"/>
						<line number="1021" hits="1"/>
						<line number="1032" hits="1" branch="true" condition-coverage="100% (2/2)"/>
						<line number="1033" hits="1"/>
						<line number="1035" hits="1" branch="true" condition-coverage="100% (2/2)"/>
						<line number="1037" hits="1"/>
						<line number="1046" hits="1"/>
						<line number="1051" hits="1"/>
						<line number="1066" hits="1"/>
						<line number="1067" hits="1"/>
						<line number="1068" hits="1"/>
						<line number="1069" hits="1"/>
						<line number="1070" hits="1"/>
						<line number="1071" hits="1"/>
						<line number="1074" hits="1"/>
						<line number="1075" hits="1"/>
						<line number="1076" hits="1"/>
						<line number="1079" hits="1"/>
						<line number="1080" hits="1"/>
						<line number="1083" hits="1"/>
						<line number="1085" hits="1"/>
						<line number="1086" hits="1"/>
						<line number="1087" hits="1" branch="true" condition-coverage="50% (1/2)" missing-branches="1088"/>
						<line number="1088" hits="0"/>
						<line number="1090" hits="1"/>
						<line number="1093" hits="1" branch="true" condition-coverage="50% (1/2)" missing-branches="1094"/>
						<line number="1094" hits="0"/>
						<line number="1096" hits="1"/>
						<line number="1097" hits="1" branch="true" condition-coverage="100% (2/2)"/>
						<line number="1099" hits="1" branch="true" condition-coverage="50% (1/2)" missing-branches="1100"/>
						<line number="1100" hits="0"/>
						<line number="1102" hits="1"/>
						<line number="1103" hits="1" branch="true" condition-coverage="50% (1/2)" missing-branches="1097"/>
						<line number="1105" hits="1" branch="true" condition-coverage="50% (1/2)" missing-branches="1106"/>
						<line number="1106" hits="0"/>
						<line number="1109" hits="1" branch="true" condition-coverage="50% (1/2)" missing-branches="1110"/>
						<line number="1110" hits="0"/>
						<line number="1119" hits="0" branch="true" condition-coverage="0% (0/2)" missing-branches="1120,1121"/>
						<line number="1120" hits="0"/>
						<line number="1121" hits="0" branch="true" condition-coverage="0% (0/2)" missing-branches="1122,1123"/>
						<line number="1122" hits="0"/>
						<line number="1123" hits="0" branch="true" condition-coverage="0% (0/2)" missing-branches="1124,1129"/>
						<line number="1124" hits="0"/>
						<line number="1129" hits="1" branch="true" condition-coverage="100% (2/2)"/>
						<line number="1130" hits="1"/>
						<line number="1131" hits="1" branch="true" condition-coverage="100% (2/2)"/>
						<line number="1132" hits="1"/>
						<line number="1135" hits="1" branch="true" condition-coverage="100% (2/2)"/>
						<line number="1141" hits="1" branch="true" condition-coverage="100% (2/2)"/>
						<line number="1142" hits="1"/>
						<line number="1144" hits="1" branch="true" condition-coverage="50% (1/2)" missing-branches="1145"/>
						<line number="1145" hits="0"/>
						<line number="1148" hits="1" branch="true" condition-coverage="100% (2/2)"/>
						<line number="1154" hits="1" branch="true" condition-coverage="50% (1/2)" missing-branches="1157"/>
						<line number="1155" hits="1"/>
						<line number="1157" hits="0" branch="true" condition-coverage="0% (0/2)" missing-branches="1158,1161"/>
						<line number="1158" hits="0"/>
						<line number="1161" hits="1" branch="true" condition-coverage="100% (2/2)"/>
						<line number="1162" hits="1" branch="true" condition-coverage="50% (1/2)" missing-branches="1097"/>
						<line number="1163" hits="1"/>
						<line number="1164" hits="1" branch="true" condition-coverage="50% (1/2)" missing-branches="1165"/>
						<line number="1165" hits="0"/>
						<line number="1167" hits="1"/>
						<line number="1168" hits="0"/>
						<line number="1169" hits="0"/>
						<line number="1170" hits="0"/>
						<line number="1171" hits="0"/>
						<line number="1173" hits="1"/>
						<line number="1174" hits="1"/>
						<line number="1175" hits="0"/>
						<line number="1176" hits="0"/>
						<line number="1177" hits="0"/>
						<line number="1178" hits="0"/>
						<line number="1181" hits="1" branch="true" condition-coverage="50% (1/2)" missing-branches="1182"/>
						<line number="1182" hits="0"/>
						<line number="1185" hits="1" branch="true" condition-coverage="50% (1/2)" missing-branches="1186"/>
						<line number="1186" hits="0"/>
						<line number="1188" hits="1"/>
						<line number="1189" hits="1" branch="true" condition-coverage="50% (1/2)" missing-branches="1190"/>
						<line number="1190" hits="0"/>
						<line number="1192" hits="1"/>
						<line number="1194" hits="1"/>
						<line number="1195" hits="1" branch="true" condition-coverage="50% (1/2)" missing-branches="1196"/>
						<line number="1196" hits="0"/>
						<line number="1197" hits="0" branch="true" condition-coverage="0% (0/2)" missing-branches="1198,1199"/>
						<line number="1198" hits="0"/>
						<line number="1199" hits="0" branch="true" condition-coverage="0% (0/2)" missing-branches="1200,1201"/>
						<line number="1200" hits="0"/>
						<line number="1201" hits="0" branch="true" condition-coverage="0% (0/2)" missing-branches="1202,1203"/>
						<line number="1202" hits="0"/>
						<line number="1203" hits="0"/>
						<line number="1204" hits="0"/>
						<line number="1207" hits="1"/>
						<line number="1209" hits="1"/>
						<line number="1210" hits="1" branch="true" condition-coverage="50% (1/2)" missing-branches="1211"/>
						<line number="1211" hits="0"/>
						<line number="1212" hits="0" branch="true" condition-coverage="0% (0/2)" missing-branches="1213,1214"/>
						<line number="1213" hits="0"/>
						<line number="1214" hits="1" branch="true" condition-coverage="50% (1/2)" missing-branches="1215"/>
						<line number="1215" hits="0"/>
						<line number="1216" hits="1" branch="true" condition-coverage="50% (1/2)" missing-branches="1217"/>
						<line number="1217" hits="0"/>
						<line number="1219" hits="1"/>
						<line number="1230" hits="1"/>
						<line number="1253" hits="0" branch="true" condition-coverage="0% (0/2)" missing-branches="1254,1258"/>
						<line number="1254" hits="0"/>
						<line number="1255" hits="0"/>
						<line number="1258" hits="0" branch="true" condition-coverage="0% (0/2)" missing-branches="1259,1260"/>
						<line number="1259" hits="0"/>
						<line number="1260" hits="0" branch="true" condition-coverage="0% (0/2)" missing-branches="1261,1264"/>
						<line number="1261" hits="0" branch="true" condition-coverage="0% (0/2)" missing-branches="exit,1262"/>
						<line number="1262" hits="0"/>
						<line number="1263" hits="0"/>
						<line number="1264" hits="0" branch="true" condition-coverage="0% (0/2)" missing-branches="1265,1266"/>
						<line number="1265" hits="0"/>
						<line number="1266" hits="0" branch="true" condition-coverage="0% (0/2)" missing-branches="1267,1268"/>
						<line number="1267" hits="0"/>
						<line number="1268" hits="0" branch="true" condition-coverage="0% (0/2)" missing-branches="1269,1270"/>
						<line number="1269" hits="0"/>
						<line number="1270" hits="0" branch="true" condition-coverage="0% (0/2)" missing-branches="1271,1272"/>
						<line number="1271" hits="0"/>
						<line number="1272" hits="0" branch="true" condition-coverage="0% (0/2)" missing-branches="1273,1274"/>
						<line number="1273" hits="0"/>
						<line number="1274" hits="0" branch="true" condition-coverage="0% (0/2)" missing-branches="1275,1276"/>
						<line number="1275" hits="0"/>
						<line number="1276" hits="0" branch="true" condition-coverage="0% (0/2)" missing-branches="exit,1277"/>
						<line number="1277" hits="0"/>
						<line number="1278" hits="0"/>
						<line number="1280" hits="1"/>
						<line number="1286" hits="1"/>
						<line number="1287" hits="1" branch="true" condition-coverage="50% (1/2)" missing-branches="1288"/>
						<line number="1288" hits="0"/>
						<line number="1289" hits="1"/>
						<line number="1291" hits="1"/>
						<line number="1308" hits="1" branch="true" condition-coverage="50% (1/2)" missing-branches="1311"/>
						<line number="1309" hits="1"/>
						<line number="1311" hits="1"/>
						<line number="1312" hits="1"/>
						<line number="1313" hits="1" branch="true" condition-coverage="100% (2/2)"/>
						<line number="1314" hits="1"/>
						<line number="1316" hits="1"/>
						<line number="1317" hits="1"/>
						<line number="1319" hits="1"/>
						<line number="1320" hits="1"/>
						<line number="1324" hits="1"/>
						<line number="1325" hits="1"/>
						<line number="1326" hits="1"/>
						<line number="1329" hits="1"/>
						<line number="1330" hits="1"/>
						<line number="1332" hits="1"/>
						<line number="1333" hits="1"/>
						<line number="1334" hits="1"/>
						<line number="1335" hits="1"/>
						<line number="1337" hits="1"/>
						<line number="1338" hits="1"/>
						<line number="1339" hits="1"/>
						<line number="1340" hits="1"/>
						<line number="1342" hits="1"/>
						<line number="1343" hits="1"/>
						<line number="1344" hits="1"/>
						<line number="1345" hits="1"/>
						<line number="1346" hits="1"/>
						<line number="1347" hits="0"/>
						<line number="1348" hits="0"/>
						<line number="1350" hits="0"/>
						<line number="1351" hits="0"/>
						<line number="1352" hits="0"/>
						<line number="1354" hits="0"/>
						<line number="1355" hits="0"/>
						<line number="1356" hits="0"/>
						<line number="1357" hits="0"/>
						<line number="1358" hits="0"/>
						<line number="1359" hits="0"/>
						<line number="1360" hits="0"/>
						<line number="1361" hits="1"/>
						<line number="1364" hits="1"/>
						<line number="1365" hits="1"/>
						<line number="1366" hits="1"/>
						<line number="1367" hits="1"/>
						<line number="1368" hits="1"/>
						<line number="1369" hits="0"/>
						<line number="1370" hits="0"/>
						<line number="1371" hits="0"/>
						<line number="1372" hits="0"/>
						<line number="1374" hits="0"/>
						<line number="1375" hits="0" branch="true" condition-coverage="0% (0/2)" missing-branches="1377,1386"/>
						<line number="1377" hits="0"/>
						<line number="1378" hits="0"/>
						<line number="1379" hits="0"/>
						<line number="1380" hits="0"/>
						<line number="1381" hits="0"/>
						<line number="1382" hits="0"/>
						<line number="1383" hits="0"/>
						<line number="1384" hits="0"/>
						<line number="1386" hits="0"/>
						<line number="1387" hits="0"/>
						<line number="1389" hits="1" branch="true" condition-coverage="100% (2/2)"/>
						<line number="1390" hits="1"/>
						<line number="1393" hits="1" branch="true" condition-coverage="100% (2/2)"/>
						<line number="1394" hits="1"/>
						<line number="1396" hits="1"/>
						<line number="1397" hits="1" branch="true" condition-coverage="50% (1/2)" missing-branches="1399"/>
						<line number="1398" hits="1"/>
						<line number="1399" hits="1"/>
						<line number="1401" hits="1"/>
						<line number="1419" hits="1"/>
						<line number="1420" hits="1"/>
						<line number="1422" hits="1"/>
						<line number="1423" hits="1"/>
						<line number="1424" hits="1" branch="true" condition-coverage="50% (1/2)" missing-branches="1425"/>
						<line number="1425" hits="0"/>
						<line number="1427" hits="1"/>
						<line number="1428" hits="1"/>
						<line number="1432" hits="0"/>
						<line number="1433" hits="0"/>
						<line number="1435" hits="1" branch="true" condition-coverage="50% (1/2)" missing-branches="1436"/>
						<line number="1436" hits="0"/>
						<line number="1438" hits="1"/>
						<line number="1441" hits="1" branch="true" condition-coverage="100% (2/2)"/>
						<line number="1442" hits="1"/>
						<line number="1445" hits="1"/>
						<line number="1446" hits="1" branch="true" condition-coverage="100% (2/2)"/>
						<line number="1447" hits="1"/>
						<line number="1448" hits="1"/>
						<line number="1450" hits="1"/>
						<line number="1452" hits="1"/>
						<line number="1459" hits="1" branch="true" condition-coverage="50% (1/2)" missing-branches="1460"/>
						<line number="1460" hits="0"/>
						<line number="1462" hits="1"/>
						<line number="1468" hits="1"/>
						<line number="1469" hits="1"/>
						<line number="1470" hits="1"/>
						<line number="1473" hits="1"/>
						<line number="1475" hits="1"/>
						<line number="1483" hits="1"/>
						<line number="1491" hits="1"/>
						<line number="1492" hits="1"/>
						<line number="1494" hits="1" branch="true" condition-coverage="100% (2/2)"/>
						<line number="1495" hits="1"/>
						<line number="1497" hits="1" branch="true" condition-coverage="100% (2/2)"/>
						<line number="1498" hits="1"/>
						<line number="1500" hits="1"/>
						<line number="1501" hits="1"/>
						<line number="1503" hits="1" branch="true" condition-coverage="100% (2/2)"/>
						<line number="1504" hits="1"/>
						<line number="1506" hits="1"/>
						<line number="1508" hits="1"/>
						<line number="1510" hits="1"/>
						<line number="1512" hits="1" branch="true" condition-coverage="50% (1/2)" missing-branches="1513"/>
						<line number="1513" hits="0"/>
						<line number="1515" hits="1"/>
						<line number="1516" hits="1"/>
						<line number="1521" hits="1"/>
						<line number="1522" hits="1"/>
						<line number="1523" hits="1"/>
						<line number="1525" hits="1"/>
						<line number="1526" hits="1"/>
						<line number="1528" hits="1"/>
						<line number="1530" hits="1"/>
						<line number="1535" hits="1"/>
						<line number="1536" hits="1"/>
						<line number="1543" hits="1"/>
						<line number="1548" hits="1"/>
						<line number="1550" hits="1"/>
						<line number="1551" hits="1"/>
						<line number="1553" hits="1"/>
						<line number="1554" hits="1"/>
						<line number="1555" hits="1"/>
						<line number="1557" hits="1"/>
						<line number="1559" hits="1"/>
						<line number="1560" hits="1"/>
						<line number="1566" hits="1" branch="true" condition-coverage="50% (1/2)" missing-branches="1570"/>
						<line number="1567" hits="1"/>
						<line number="1568" hits="1"/>
						<line number="1569" hits="1"/>
						<line number="1570" hits="0"/>
						<line number="1571" hits="0"/>
						<line number="1572" hits="0"/>
						<line number="1573" hits="0"/>
						<line number="1575" hits="1"/>
						<line number="1580" hits="1"/>
						<line number="1581" hits="1"/>
						<line number="1588" hits="1"/>
						<line number="1593" hits="1"/>
						<line number="1595" hits="1"/>
						<line number="1596" hits="1" branch="true" condition-coverage="100% (2/2)"/>
						<line number="1597" hits="1" branch="true" condition-coverage="100% (2/2)"/>
						<line number="1598" hits="1"/>
						<line number="1599" hits="1"/>
						<line number="1601" hits="1"/>
						<line number="1602" hits="1"/>
						<line number="1603" hits="1"/>
						<line number="1605" hits="1"/>
						<line number="1611" hits="1"/>
						<line number="1612" hits="1"/>
						<line number="1613" hits="1" branch="true" condition-coverage="100% (2/2)"/>
						<line number="1614" hits="1"/>
						<line number="1616" hits="1"/>
						<line number="1618" hits="1"/>
						<line number="1624" hits="1"/>
						<line number="1628" hits="1"/>
						<line number="1630" hits="1"/>
						<line number="1637" hits="1"/>
						<line number="1638" hits="1"/>
						<line number="1639" hits="1"/>
						<line number="1641" hits="1"/>
						<line number="1646" hits="1"/>
						<line number="1647" hits="1"/>
						<line number="1654" hits="1"/>
						<line number="1659" hits="1"/>
						<line number="1665" hits="0"/>
						<line number="1666" hits="0"/>
						<line number="1667" hits="0"/>
						<line number="1669" hits="1"/>
						<line number="1670" hits="1"/>
						<line number="1683" hits="1"/>
						<line number="1684" hits="1"/>
						<line number="1685" hits="1"/>
						<line number="1686" hits="1"/>
						<line number="1688" hits="1"/>
						<line number="1689" hits="1"/>
						<line number="1699" hits="1"/>
						<line number="1700" hits="1" branch="true" condition-coverage="100% (2/2)"/>
						<line number="1701" hits="1"/>
						<line number="1702" hits="1" branch="true" condition-coverage="50% (1/2)" missing-branches="1700"/>
						<line number="1703" hits="1"/>
						<line number="1704" hits="1"/>
						<line number="1705" hits="1"/>
						<line number="1706" hits="1"/>
						<line number="1707" hits="1"/>
						<line number="1710" hits="1"/>
						<line number="1717" hits="1"/>
						<line number="1718" hits="1"/>
						<line number="1719" hits="1"/>
						<line number="1720" hits="1"/>
						<line number="1721" hits="1"/>
						<line number="1722" hits="1"/>
						<line number="1724" hits="1"/>
						<line number="1726" hits="1" branch="true" condition-coverage="50% (1/2)" missing-branches="1727"/>
						<line number="1727" hits="0"/>
						<line number="1729" hits="1" branch="true" condition-coverage="100% (2/2)"/>
						<line number="1730" hits="1"/>
						<line number="1731" hits="1"/>
						<line number="1732" hits="1"/>
						<line number="1734" hits="1"/>
						<line number="1735" hits="1"/>
						<line number="1737" hits="1"/>
						<line number="1739" hits="1" branch="true" condition-coverage="100% (2/2)"/>
						<line number="1740" hits="1"/>
						<line number="1742" hits="1"/>
						<line number="1743" hits="1" branch="true" condition-coverage="100% (2/2)"/>
						<line number="1744" hits="1"/>
						<line number="1745" hits="1"/>
						<line number="1746" hits="1"/>
						<line number="1747" hits="1"/>
						<line number="1749" hits="1"/>
						<line number="1751" hits="1"/>
						<line number="1753" hits="1"/>
						<line number="1760" hits="1"/>
						<line number="1761" hits="1"/>
						<line number="1762" hits="1"/>
						<line number="1764" hits="1"/>
					</lines>
				</class>
				<class name="cloud_client.py" filename="cloud_client.py" complexity="0" line-rate="0.9444" branch-rate="0.9667">
					<methods/>
					<lines>
						<line number="19" hits="1"/>
						<line number="20" hits="1"/>
						<line number="22" hits="1"/>
						<line number="25" hits="1"/>
						<line number="29" hits="1"/>
						<line number="41" hits="1"/>
						<line number="45" hits="1"/>
						<line number="54" hits="1"/>
						<line number="61" hits="1"/>
						<line number="70" hits="1"/>
						<line number="78" hits="1"/>
						<line number="79" hits="1"/>
						<line number="85" hits="1"/>
						<line number="113" hits="1"/>
						<line number="114" hits="1"/>
						<line number="138" hits="1" branch="true" condition-coverage="100% (2/2)"/>
						<line number="139" hits="1"/>
						<line number="140" hits="1"/>
						<line number="143" hits="1" branch="true" condition-coverage="100% (2/2)"/>
						<line number="144" hits="1"/>
						<line number="145" hits="1"/>
						<line number="148" hits="1" branch="true" condition-coverage="100% (2/2)"/>
						<line number="149" hits="1"/>
						<line number="150" hits="1"/>
						<line number="153" hits="1"/>
						<line number="154" hits="1" branch="true" condition-coverage="100% (2/2)"/>
						<line number="155" hits="1"/>
						<line number="156" hits="1"/>
						<line number="159" hits="1"/>
						<line number="160" hits="1" branch="true" condition-coverage="100% (2/2)"/>
						<line number="161" hits="1"/>
						<line number="162" hits="1"/>
						<line number="166" hits="1"/>
						<line number="167" hits="1"/>
						<line number="168" hits="1"/>
						<line number="171" hits="1" branch="true" condition-coverage="100% (2/2)"/>
						<line number="172" hits="1"/>
						<line number="173" hits="1"/>
						<line number="174" hits="0"/>
						<line number="175" hits="0"/>
						<line number="177" hits="1"/>
						<line number="179" hits="1"/>
						<line number="180" hits="1"/>
						<line number="212" hits="1"/>
						<line number="215" hits="1"/>
						<line number="222" hits="1"/>
						<line number="225" hits="1" branch="true" condition-coverage="100% (2/2)"/>
						<line number="226" hits="1"/>
						<line number="228" hits="1"/>
						<line number="229" hits="1" branch="true" condition-coverage="100% (2/2)"/>
						<line number="230" hits="1"/>
						<line number="232" hits="1"/>
						<line number="235" hits="1" branch="true" condition-coverage="100% (2/2)"/>
						<line number="236" hits="1"/>
						<line number="239" hits="1" branch="true" condition-coverage="100% (2/2)"/>
						<line number="241" hits="1"/>
						<line number="249" hits="1"/>
						<line number="252" hits="1"/>
						<line number="259" hits="1"/>
						<line number="260" hits="1"/>
						<line number="277" hits="1"/>
						<line number="283" hits="1"/>
						<line number="285" hits="1"/>
						<line number="286" hits="1"/>
						<line number="319" hits="1"/>
						<line number="322" hits="1"/>
						<line number="323" hits="1" branch="true" condition-coverage="100% (2/2)"/>
						<line number="324" hits="1"/>
						<line number="325" hits="1" branch="true" condition-coverage="100% (2/2)"/>
						<line number="326" hits="1"/>
						<line number="328" hits="1"/>
						<line number="335" hits="1"/>
						<line number="341" hits="1"/>
						<line number="343" hits="1"/>
						<line number="344" hits="1"/>
						<line number="367" hits="1"/>
						<line number="368" hits="1"/>
						<line number="369" hits="1"/>
						<line number="370" hits="1"/>
						<line number="372" hits="1" branch="true" condition-coverage="100% (2/2)"/>
						<line number="373" hits="1"/>
						<line number="374" hits="1"/>
						<line number="375" hits="1"/>
						<line number="376" hits="1"/>
						<line number="378" hits="1"/>
						<line number="385" hits="1"/>
						<line number="386" hits="1"/>
						<line number="426" hits="1"/>
						<line number="433" hits="1"/>
						<line number="434" hits="1" branch="true" condition-coverage="100% (2/2)"/>
						<line number="435" hits="1"/>
						<line number="437" hits="1"/>
						<line number="438" hits="1"/>
						<line number="439" hits="1"/>
						<line number="446" hits="1"/>
						<line number="454" hits="1"/>
						<line number="463" hits="1"/>
						<line number="464" hits="1"/>
						<line number="488" hits="1"/>
						<line number="495" hits="1"/>
						<line number="496" hits="1" branch="true" condition-coverage="50% (1/2)" missing-branches="497"/>
						<line number="497" hits="0"/>
						<line number="499" hits="0"/>
						<line number="500" hits="0"/>
						<line number="501" hits="0"/>
						<line number="508" hits="1"/>
						<line number="511" hits="1"/>
						<line number="519" hits="1"/>
					</lines>
				</class>
				<class name="cloud_utils.py" filename="cloud_utils.py" complexity="0" line-rate="1" branch-rate="1">
					<methods/>
					<lines>
						<line number="39" hits="1"/>
						<line number="42" hits="1"/>
						<line number="72" hits="1" branch="true" condition-coverage="100% (2/2)"/>
						<line number="73" hits="1"/>
						<line number="75" hits="1"/>
						<line number="78" hits="1" branch="true" condition-coverage="100% (2/2)"/>
						<line number="79" hits="1"/>
						<line number="82" hits="1" branch="true" condition-coverage="100% (2/2)"/>
						<line number="83" hits="1"/>
						<line number="86" hits="1"/>
						<line number="87" hits="1"/>
						<line number="90" hits="1"/>
						<line number="114" hits="1" branch="true" condition-coverage="100% (2/2)"/>
						<line number="115" hits="1"/>
						<line number="117" hits="1"/>
						<line number="118" hits="1" branch="true" condition-coverage="100% (2/2)"/>
						<line number="119" hits="1"/>
						<line number="120" hits="1"/>
						<line number="123" hits="1"/>
						<line number="145" hits="1"/>
						<line number="146" hits="1" branch="true" condition-coverage="100% (2/2)"/>
						<line number="147" hits="1"/>
						<line number="149" hits="1" branch="true" condition-coverage="100% (2/2)"/>
						<line number="150" hits="1"/>
						<line number="151" hits="1"/>
					</lines>
				</class>
				<class name="committer.py" filename="committer.py" complexity="0" line-rate="0.6438" branch-rate="0.5818">
					<methods/>
					<lines>
						<line number="6" hits="1"/>
						<line number="7" hits="1"/>
						<line number="8" hits="1"/>
						<line number="9" hits="1"/>
						<line number="10" hits="1"/>
						<line number="12" hits="1"/>
						<line number="13" hits="1"/>
						<line number="15" hits="1"/>
						<line number="16" hits="1"/>
						<line number="19" hits="1"/>
						<line number="22" hits="1"/>
						<line number="23" hits="1"/>
						<line number="24" hits="1"/>
						<line number="25" hits="1"/>
						<line number="26" hits="1"/>
						<line number="27" hits="1"/>
						<line number="28" hits="1"/>
						<line number="31" hits="1"/>
						<line number="32" hits="1"/>
						<line number="35" hits="1"/>
						<line number="36" hits="1"/>
						<line number="37" hits="1"/>
						<line number="38" hits="1"/>
						<line number="39" hits="1"/>
						<line number="40" hits="1"/>
						<line number="43" hits="1"/>
						<line number="55" hits="1"/>
						<line number="89" hits="1"/>
						<line number="90" hits="1"/>
						<line number="95" hits="1"/>
						<line number="96" hits="1"/>
						<line number="97" hits="1"/>
						<line number="98" hits="1"/>
						<line number="99" hits="1"/>
						<line number="101" hits="1"/>
						<line number="103" hits="1"/>
						<line number="104" hits="1"/>
						<line number="105" hits="1"/>
						<line number="106" hits="1" branch="true" condition-coverage="50% (1/2)" missing-branches="107"/>
						<line number="107" hits="0"/>
						<line number="108" hits="0"/>
						<line number="110" hits="1"/>
						<line number="120" hits="1"/>
						<line number="121" hits="1"/>
						<line number="122" hits="1"/>
						<line number="129" hits="1" branch="true" condition-coverage="50% (1/2)" missing-branches="130"/>
						<line number="130" hits="0"/>
						<line number="131" hits="1"/>
						<line number="133" hits="1"/>
						<line number="142" hits="1" branch="true" condition-coverage="100% (2/2)"/>
						<line number="143" hits="1" branch="true" condition-coverage="100% (2/2)"/>
						<line number="144" hits="1"/>
						<line number="146" hits="1" branch="true" condition-coverage="100% (2/2)"/>
						<line number="147" hits="1"/>
						<line number="148" hits="1"/>
						<line number="150" hits="1"/>
						<line number="163" hits="1"/>
						<line number="164" hits="1" branch="true" condition-coverage="100% (2/2)"/>
						<line number="165" hits="1"/>
						<line number="171" hits="1"/>
						<line number="172" hits="1"/>
						<line number="175" hits="1"/>
						<line number="177" hits="1"/>
						<line number="178" hits="1"/>
						<line number="179" hits="1"/>
						<line number="182" hits="1" branch="true" condition-coverage="100% (2/2)"/>
						<line number="183" hits="1" branch="true" condition-coverage="50% (1/2)" missing-branches="184"/>
[...]
						<line number="694" hits="0"/>
						<line number="700" hits="0" branch="true" condition-coverage="0% (0/2)" missing-branches="701,706"/>
						<line number="701" hits="0"/>
						<line number="702" hits="0" branch="true" condition-coverage="0% (0/2)" missing-branches="703,704"/>
						<line number="703" hits="0"/>
						<line number="704" hits="0"/>
						<line number="706" hits="0"/>
						<line number="707" hits="0" branch="true" condition-coverage="0% (0/2)" missing-branches="708,713"/>
						<line number="708" hits="0"/>
						<line number="713" hits="0"/>
						<line number="714" hits="0"/>
						<line number="719" hits="0"/>
						<line number="721" hits="0"/>
						<line number="722" hits="0"/>
						<line number="731" hits="0" branch="true" condition-coverage="0% (0/2)" missing-branches="exit,732"/>
						<line number="732" hits="0"/>
						<line number="733" hits="0"/>
						<line number="734" hits="0"/>
						<line number="735" hits="0"/>
						<line number="743" hits="0" branch="true" condition-coverage="0% (0/2)" missing-branches="745,758"/>
						<line number="745" hits="0"/>
						<line number="746" hits="0"/>
						<line number="754" hits="0"/>
						<line number="755" hits="0"/>
						<line number="758" hits="0" branch="true" condition-coverage="0% (0/2)" missing-branches="760,773"/>
						<line number="760" hits="0"/>
						<line number="761" hits="0"/>
						<line number="769" hits="0"/>
						<line number="770" hits="0"/>
						<line number="773" hits="0"/>
						<line number="777" hits="0"/>
						<line number="778" hits="0"/>
						<line number="793" hits="0"/>
						<line number="794" hits="0"/>
						<line number="796" hits="0"/>
						<line number="797" hits="0"/>
						<line number="801" hits="0"/>
						<line number="803" hits="0"/>
						<line number="804" hits="0"/>
						<line number="806" hits="0"/>
						<line number="808" hits="0"/>
						<line number="809" hits="0"/>
						<line number="816" hits="0"/>
						<line number="818" hits="1"/>
						<line number="824" hits="0"/>
						<line number="825" hits="0"/>
						<line number="827" hits="0" branch="true" condition-coverage="0% (0/2)" missing-branches="exit,828"/>
						<line number="828" hits="0"/>
						<line number="830" hits="0" branch="true" condition-coverage="0% (0/2)" missing-branches="827,831"/>
						<line number="831" hits="0"/>
						<line number="832" hits="0"/>
						<line number="834" hits="0" branch="true" condition-coverage="0% (0/2)" missing-branches="836,843"/>
						<line number="836" hits="0" branch="true" condition-coverage="0% (0/2)" missing-branches="837,841"/>
						<line number="837" hits="0"/>
						<line number="838" hits="0" branch="true" condition-coverage="0% (0/2)" missing-branches="839,840"/>
						<line number="839" hits="0"/>
						<line number="840" hits="0"/>
						<line number="841" hits="0"/>
						<line number="843" hits="0" branch="true" condition-coverage="0% (0/2)" missing-branches="844,845"/>
						<line number="844" hits="0"/>
						<line number="845" hits="0" branch="true" condition-coverage="0% (0/2)" missing-branches="846,847"/>
						<line number="846" hits="0"/>
						<line number="847" hits="0" branch="true" condition-coverage="0% (0/2)" missing-branches="830,849"/>
						<line number="849" hits="0"/>
						<line number="851" hits="1"/>
						<line number="858" hits="0"/>
						<line number="860" hits="0"/>
						<line number="862" hits="0"/>
						<line number="863" hits="0"/>
						<line number="868" hits="0"/>
						<line number="870" hits="0"/>
						<line number="872" hits="0" branch="true" condition-coverage="0% (0/2)" missing-branches="exit,873"/>
						<line number="873" hits="0"/>
						<line number="874" hits="0" branch="true" condition-coverage="0% (0/2)" missing-branches="875,876"/>
						<line number="875" hits="0"/>
						<line number="876" hits="0"/>
						<line number="878" hits="0"/>
						<line number="879" hits="0"/>
						<line number="881" hits="0"/>
						<line number="889" hits="0" branch="true" condition-coverage="0% (0/2)" missing-branches="890,896"/>
						<line number="890" hits="0"/>
						<line number="896" hits="0"/>
						<line number="901" hits="0"/>
						<line number="905" hits="1"/>
						<line number="946" hits="1"/>
						<line number="953" hits="1"/>
						<line number="964" hits="1" branch="true" condition-coverage="50% (1/2)" missing-branches="965"/>
						<line number="965" hits="0"/>
						<line number="967" hits="1" branch="true" condition-coverage="50% (1/2)" missing-branches="968"/>
						<line number="968" hits="0"/>
						<line number="971" hits="1"/>
						<line number="972" hits="1"/>
						<line number="973" hits="1" branch="true" condition-coverage="50% (1/2)" missing-branches="976"/>
						<line number="974" hits="1"/>
						<line number="976" hits="1"/>
						<line number="978" hits="1"/>
						<line number="979" hits="1"/>
						<line number="986" hits="1"/>
						<line number="987" hits="1"/>
						<line number="988" hits="1" branch="true" condition-coverage="50% (1/2)" missing-branches="989"/>
						<line number="989" hits="0"/>
						<line number="990" hits="0"/>
						<line number="991" hits="0"/>
						<line number="996" hits="0"/>
						<line number="997" hits="0"/>
						<line number="1005" hits="0"/>
						<line number="1006" hits="0"/>
						<line number="1007" hits="0"/>
						<line number="1008" hits="0"/>
						<line number="1009" hits="0"/>
						<line number="1013" hits="0"/>
						<line number="1014" hits="0"/>
						<line number="1016" hits="1"/>
						<line number="1018" hits="1"/>
						<line number="1020" hits="1" branch="true" condition-coverage="100% (2/2)"/>
						<line number="1021" hits="1"/>
						<line number="1022" hits="1" branch="true" condition-coverage="50% (1/2)" missing-branches="1020"/>
						<line number="1024" hits="1" branch="true" condition-coverage="50% (1/2)" missing-branches="1025"/>
						<line number="1025" hits="0"/>
						<line number="1026" hits="0"/>
						<line number="1029" hits="0" branch="true" condition-coverage="0% (0/2)" missing-branches="1030,1040"/>
						<line number="1030" hits="0"/>
						<line number="1035" hits="0"/>
						<line number="1036" hits="0"/>
						<line number="1037" hits="0"/>
						<line number="1040" hits="0" branch="true" condition-coverage="0% (0/2)" missing-branches="1042,1046"/>
						<line number="1042" hits="0"/>
						<line number="1043" hits="0"/>
						<line number="1044" hits="0"/>
						<line number="1046" hits="1" branch="true" condition-coverage="50% (1/2)" missing-branches="1047"/>
						<line number="1047" hits="0"/>
						<line number="1048" hits="0"/>
						<line number="1049" hits="0"/>
						<line number="1050" hits="0"/>
						<line number="1051" hits="1"/>
						<line number="1054" hits="1"/>
						<line number="1057" hits="1"/>
						<line number="1058" hits="1" branch="true" condition-coverage="50% (1/2)" missing-branches="1059"/>
						<line number="1059" hits="0"/>
						<line number="1060" hits="0"/>
						<line number="1063" hits="0"/>
						<line number="1064" hits="0"/>
						<line number="1066" hits="0" branch="true" condition-coverage="0% (0/2)" missing-branches="1067,1070"/>
						<line number="1067" hits="0"/>
						<line number="1068" hits="0"/>
						<line number="1069" hits="0"/>
						<line number="1070" hits="0" branch="true" condition-coverage="0% (0/2)" missing-branches="1071,1074"/>
						<line number="1071" hits="0"/>
						<line number="1072" hits="0"/>
						<line number="1073" hits="0"/>
						<line number="1074" hits="0" branch="true" condition-coverage="0% (0/2)" missing-branches="1075,1078"/>
						<line number="1075" hits="0"/>
						<line number="1076" hits="0"/>
						<line number="1077" hits="0"/>
						<line number="1078" hits="0" branch="true" condition-coverage="0% (0/2)" missing-branches="1079,1081"/>
						<line number="1079" hits="0"/>
						<line number="1080" hits="0"/>
						<line number="1081" hits="0" branch="true" condition-coverage="0% (0/2)" missing-branches="1082,1086"/>
						<line number="1082" hits="0"/>
						<line number="1083" hits="0"/>
						<line number="1084" hits="0"/>
						<line number="1086" hits="0"/>
						<line number="1088" hits="0"/>
						<line number="1097" hits="0"/>
						<line number="1100" hits="1"/>
						<line number="1101" hits="1"/>
						<line number="1106" hits="1" branch="true" condition-coverage="50% (1/2)" missing-branches="1107"/>
						<line number="1107" hits="0"/>
						<line number="1108" hits="1"/>
						<line number="1110" hits="0"/>
						<line number="1111" hits="0"/>
						<line number="1112" hits="0"/>
						<line number="1113" hits="0"/>
						<line number="1114" hits="0"/>
						<line number="1115" hits="0"/>
						<line number="1117" hits="0"/>
						<line number="1118" hits="0"/>
						<line number="1122" hits="0"/>
						<line number="1124" hits="0"/>
						<line number="1132" hits="0"/>
						<line number="1134" hits="0"/>
						<line number="1135" hits="0"/>
						<line number="1136" hits="0"/>
						<line number="1137" hits="0"/>
						<line number="1138" hits="0"/>
						<line number="1139" hits="0"/>
						<line number="1143" hits="0" branch="true" condition-coverage="0% (0/2)" missing-branches="1144,1146"/>
						<line number="1144" hits="0"/>
						<line number="1146" hits="0"/>
						<line number="1148" hits="0"/>
						<line number="1150" hits="0"/>
						<line number="1157" hits="0"/>
						<line number="1159" hits="1"/>
						<line number="1165" hits="1"/>
						<line number="1167" hits="1"/>
						<line number="1168" hits="1"/>
						<line number="1169" hits="1" branch="true" condition-coverage="50% (1/2)" missing-branches="1170"/>
						<line number="1170" hits="0"/>
						<line number="1172" hits="1"/>
						<line number="1173" hits="1"/>
						<line number="1177" hits="1" branch="true" condition-coverage="100% (2/2)"/>
						<line number="1178" hits="1"/>
						<line number="1179" hits="1"/>
						<line number="1180" hits="0"/>
						<line number="1182" hits="0" branch="true" condition-coverage="0% (0/2)" missing-branches="1183,1184"/>
						<line number="1183" hits="0"/>
						<line number="1184" hits="0"/>
						<line number="1188" hits="1"/>
						<line number="1204" hits="1"/>
						<line number="1206" hits="1"/>
						<line number="1207" hits="1"/>
						<line number="1208" hits="1"/>
						<line number="1209" hits="1"/>
						<line number="1211" hits="1" branch="true" condition-coverage="100% (2/2)"/>
						<line number="1212" hits="1"/>
						<line number="1214" hits="1" branch="true" condition-coverage="100% (2/2)"/>
						<line number="1215" hits="1"/>
						<line number="1216" hits="1" branch="true" condition-coverage="50% (1/2)" missing-branches="1217"/>
						<line number="1217" hits="0"/>
						<line number="1218" hits="1" branch="true" condition-coverage="100% (2/2)"/>
						<line number="1219" hits="1"/>
						<line number="1222" hits="1"/>
						<line number="1223" hits="1"/>
						<line number="1225" hits="1"/>
						<line number="1236" hits="1"/>
						<line number="1238" hits="0"/>
						<line number="1239" hits="0"/>
						<line number="1241" hits="1"/>
						<line number="1243" hits="0"/>
					</lines>
				</class>
			</classes>
		</package>
		<package name="tasks" line-rate="0.8995" branch-rate="0.6111" complexity="0">
			<classes>
				<class name="__init__.py" filename="tasks/__init__.py" complexity="0" line-rate="1" branch-rate="1">
					<methods/>
					<lines>
						<line number="3" hits="1"/>
						<line number="4" hits="1"/>
						<line number="6" hits="1"/>
					</lines>
				</class>
				<class name="queue.py" filename="tasks/queue.py" complexity="0" line-rate="0.8992" branch-rate="0.7333">
					<methods/>
					<lines>
						<line number="3" hits="1"/>
						<line number="4" hits="1"/>
						<line number="5" hits="1"/>
						<line number="7" hits="1"/>
						<line number="9" hits="1"/>
						<line number="12" hits="1"/>
						<line number="19" hits="1"/>
						<line number="20" hits="1"/>
						<line number="21" hits="1"/>
						<line number="22" hits="1"/>
						<line number="24" hits="1"/>
						<line number="26" hits="1"/>
						<line number="28" hits="1" branch="true" condition-coverage="100% (2/2)"/>
						<line number="29" hits="1"/>
						<line number="30" hits="1"/>
						<line number="32" hits="1"/>
						<line number="34" hits="1"/>
						<line number="35" hits="1"/>
						<line number="36" hits="1"/>
						<line number="38" hits="1"/>
						<line number="39" hits="1"/>
						<line number="40" hits="1"/>
						<line number="41" hits="1"/>
						<line number="43" hits="1"/>
						<line number="44" hits="1"/>
						<line number="46" hits="1"/>
						<line number="59" hits="1"/>
						<line number="60" hits="1"/>
						<line number="61" hits="1"/>
						<line number="62" hits="1"/>
						<line number="63" hits="1"/>
						<line number="65" hits="1"/>
						<line number="66" hits="1"/>
						<line number="67" hits="1"/>
						<line number="69" hits="1"/>
						<line number="70" hits="1"/>
						<line number="71" hits="1"/>
						<line number="72" hits="1"/>
						<line number="74" hits="1"/>
						<line number="75" hits="1"/>
						<line number="76" hits="1" branch="true" condition-coverage="50% (1/2)" missing-branches="78"/>
						<line number="77" hits="1"/>
						<line number="78" hits="1"/>
						<line number="80" hits="1"/>
						<line number="90" hits="1"/>
						<line number="91" hits="1"/>
						<line number="92" hits="1" branch="true" condition-coverage="100% (2/2)"/>
						<line number="93" hits="1"/>
						<line number="95" hits="1"/>
						<line number="98" hits="1"/>
						<line number="100" hits="1"/>
						<line number="101" hits="1" branch="true" condition-coverage="50% (1/2)" missing-branches="105"/>
						<line number="102" hits="1"/>
						<line number="103" hits="1"/>
						<line number="104" hits="1"/>
						<line number="105" hits="0"/>
						<line number="107" hits="1"/>
						<line number="108" hits="1"/>
						<line number="109" hits="1"/>
						<line number="110" hits="0"/>
						<line number="112" hits="1"/>
						<line number="114" hits="1"/>
						<line number="116" hits="1"/>
						<line number="118" hits="1"/>
						<line number="120" hits="1"/>
						<line number="122" hits="1"/>
						<line number="124" hits="1"/>
						<line number="126" hits="1"/>
						<line number="132" hits="1"/>
						<line number="134" hits="1"/>
						<line number="140" hits="1"/>
						<line number="142" hits="1"/>
						<line number="146" hits="1"/>
						<line number="148" hits="1"/>
						<line number="150" hits="1"/>
						<line number="152" hits="1"/>
						<line number="153" hits="1" branch="true" condition-coverage="100% (2/2)"/>
						<line number="154" hits="1"/>
						<line number="155" hits="1"/>
						<line number="157" hits="1"/>
						<line number="159" hits="1"/>
						<line number="160" hits="1"/>
						<line number="168" hits="1"/>
						<line number="170" hits="0"/>
						<line number="171" hits="0"/>
						<line number="172" hits="0" branch="true" condition-coverage="0% (0/2)" missing-branches="exit,174"/>
						<line number="174" hits="0" branch="true" condition-coverage="0% (0/2)" missing-branches="175,180"/>
						<line number="175" hits="0"/>
						<line number="176" hits="0"/>
						<line number="177" hits="0"/>
						<line number="178" hits="0"/>
						<line number="180" hits="0"/>
						<line number="181" hits="0"/>
						<line number="183" hits="1"/>
						<line number="193" hits="1"/>
						<line number="195" hits="1"/>
						<line number="204" hits="1"/>
						<line number="206" hits="1"/>
						<line number="232" hits="1"/>
						<line number="238" hits="1"/>
						<line number="239" hits="1"/>
						<line number="241" hits="1" branch="true" condition-coverage="100% (2/2)"/>
						<line number="243" hits="1" branch="true" condition-coverage="100% (2/2)"/>
						<line number="244" hits="1"/>
						<line number="247" hits="1" branch="true" condition-coverage="100% (2/2)"/>
						<line number="248" hits="1" branch="true" condition-coverage="100% (2/2)"/>
						<line number="249" hits="1"/>
						<line number="250" hits="1"/>
						<line number="255" hits="1" branch="true" condition-coverage="100% (2/2)"/>
						<line number="256" hits="1" branch="true" condition-coverage="50% (1/2)" missing-branches="241"/>
						<line number="257" hits="1"/>
						<line number="258" hits="1"/>
						<line number="263" hits="1" branch="true" condition-coverage="50% (1/2)" missing-branches="241"/>
						<line number="264" hits="1"/>
						<line number="265" hits="1"/>
						<line number="268" hits="1"/>
						<line number="269" hits="1" branch="true" condition-coverage="100% (2/2)"/>
						<line number="270" hits="1"/>
						<line number="277" hits="1"/>
					</lines>
				</class>
				<class name="task.py" filename="tasks/task.py" complexity="0" line-rate="0.8961" branch-rate="0">
					<methods/>
					<lines>
						<line number="3" hits="1"/>
						<line number="4" hits="1"/>
						<line number="5" hits="1"/>
						<line number="6" hits="1"/>
						<line number="8" hits="1"/>
						<line number="11" hits="1"/>
						<line number="14" hits="1"/>
						<line number="15" hits="1"/>
						<line number="16" hits="1"/>
						<line number="17" hits="1"/>
						<line number="18" hits="1"/>
						<line number="19" hits="1"/>
						<line number="20" hits="1"/>
						<line number="23" hits="1"/>
						<line number="26" hits="1"/>
						<line number="27" hits="1"/>
						<line number="28" hits="1"/>
						<line number="29" hits="1"/>
						<line number="32" hits="1"/>
						<line number="35" hits="1"/>
						<line number="36" hits="1"/>
						<line number="37" hits="1"/>
						<line number="38" hits="1"/>
						<line number="39" hits="1"/>
						<line number="40" hits="1"/>
						<line number="41" hits="1"/>
						<line number="42" hits="1"/>
						<line number="43" hits="1"/>
						<line number="46" hits="1"/>
						<line number="53" hits="1"/>
						<line number="54" hits="1"/>
						<line number="55" hits="1"/>
						<line number="56" hits="1"/>
						<line number="57" hits="1"/>
						<line number="60" hits="1"/>
						<line number="61" hits="1"/>
						<line number="64" hits="1"/>
						<line number="65" hits="1"/>
						<line number="66" hits="1"/>
						<line number="67" hits="1"/>
						<line number="70" hits="1"/>
						<line number="71" hits="1"/>
						<line number="74" hits="1"/>
						<line number="75" hits="1"/>
						<line number="78" hits="1"/>
						<line number="79" hits="1"/>
						<line number="80" hits="1"/>
						<line number="83" hits="1"/>
						<line number="84" hits="1"/>
						<line number="85" hits="1"/>
						<line number="87" hits="1"/>
						<line number="89" hits="1"/>
						<line number="90" hits="1"/>
						<line number="92" hits="1"/>
						<line number="94" hits="1"/>
						<line number="95" hits="1"/>
						<line number="96" hits="1"/>
						<line number="98" hits="1"/>
						<line number="100" hits="1"/>
						<line number="101" hits="1"/>
						<line number="102" hits="1"/>
						<line number="104" hits="1"/>
						<line number="106" hits="1"/>
						<line number="108" hits="1"/>
						<line number="110" hits="0" branch="true" condition-coverage="0% (0/2)" missing-branches="exit,111"/>
						<line number="111" hits="0"/>
						<line number="113" hits="1"/>
						<line number="115" hits="1"/>
						<line number="117" hits="1"/>
						<line number="119" hits="0"/>
						<line number="125" hits="0" branch="true" condition-coverage="0% (0/2)" missing-branches="126,128"/>
						<line number="126" hits="0"/>
						<line number="128" hits="0" branch="true" condition-coverage="0% (0/2)" missing-branches="129,131"/>
						<line number="129" hits="0"/>
						<line number="131" hits="0"/>
						<line number="133" hits="1"/>
						<line number="141" hits="1"/>
					</lines>
				</class>
			</classes>
		</package>
	</packages>
</coverage>
